node   1  (   0,    0) (   3,    3) (   4,    4) (  11,    2) (   0,    0) (   0,    3) (   9,    4) (   0,    2) (   0,    3) (   9,    4)
          (   0,    2) (   0,    3) (   9,    4) (   0,    2) (   0,    3) (   9,    4) (   0,    2) (   0,    3) (   9,    4) (   0,    2)
          (   0,    3) (   9,    4) (   0,    2) (   0,    3) (   9,    4) (   0,    2) (   0,    3) (   9,    4) (   0,    2) (   0,    3)
          (   9,    4) (   0,    2) (   0,    3) (   9,    4) (   0,    2) (   0,    3) (   9,    4) (   0,    2) (   0,    3) (   9,    4)
          (   0,    2) (   0,    3) (   9,    4) (   0,    2) (   0,    3) (   9,    4) (   0,    2) (   0,    3) (   9,    4) (   0,    2)
          (   0,    3) (   9,    4) (   0,    2) (   0,    3) (   7,    3) (   0,    2) (   0,    3) (   9,    2) (   0,    1) (   0,    3)
          (   9,    3) (   0,    2) (   0,    2) (   7,    4) (   0,    2) (   0,    2) (   9,    4) (   0,    2) (   0,    3) (   8,    3)
          (   0,    2) (   0,    3) (   9,    4) (   0,    2) (   0,    3) (   9,    4) (   0,    2) (   0,    3) (   9,    4) (   0,    2)
          (   0,    2) (   9,    4) (   0,    2) (   0,    2) (   7,    4) (   0,    2) (   0,    3) (   8,    4) (   0,    2) (   0,    3)
          (   9,    4) (   0,    2) (   0,    3) (   9,    4) (   0,    2) (   0,    3) (   9,    4) (   0,    2) (   0,    1) (   9,    3)
          (   0,    2) (   0,    3) (   8,    3) (   0,    2) (   0,    2) (   8,    2) (   0,    2) (   0,    3) (   8,    3) (   0,    2)
          (   0,    3) (   8,    2) (   0,    2) (   0,    3) (   8,    3) (   0,    2) (   0,    3) (   9,    2) (   0,    1) (   0,    3)
          (   9,    3) (   0,    2) (   0,    2) (   7,    3) (   0,    1) (   0,    3) (   8,    3) (   0,    1) (   0,    3) (   7,    2)
          (   0,    2) (   0,    3) (   7,    3) (   0,    2) (   0,    3) (   6,    2) (   0,    2) (   0,    3) (   7,    2) (   0,    2)
          (   0,    3) (   4,    2) (   0,    2) (   0,    2) (   6,    3) (   0,    2) (   0,    2) (   6,    2) (   0,    2) (   0,    3)
          (   7,    3) (   0,    2) (   0,    2) (   7,    1) (   0,    2) (   0,    3) (   7,    3) (   0,    2) (   0,    3) (   7,    2)
          (   0,    2) (   0,    2) (   8,    3) (   0,    2) (   0,    3) (   7,    3) (   0,    2) (   0,    3) (   6,    3) (   0,    2)
          (   0,    3) (   5,    2) (   0,    2) (   0,    3) (   7,    3) (   0,    2) (   0,    2) (   6,    3) (   0,    1) (   0,    3)
          (   8,    2) (   0,    2) (   0,    3) (   7,    3) (   0,    2) (   0,    3) (   8,    3) (   0,    1) (   0,    3) (   7,    2)
          (   0,    1) (   0,    2) (   7,    3) (   0,    2) (   0,    3) (   7,    3) (   0,    2) (   0,    3) (   7,    3) (   0,    1)
          (   0,    3) (   7,    2) (   0,    2) (   0,    3) (   8,    2) (   0,    1) (   0,    3) (   7,    3) (   0,    2) (   0,    2)
          (   7,    3) (   0,    2) (   0,    2) (   7,    2) (   0,    1) (   0,    3) (   7,    2) (   0,    1) (   0,    3) (   7,    3)
          (   0,    2) (   0,    3) (   6,    2) (   0,    2) (   0,    3) (   5,    3) (   0,    2) (   0,    3) (   6,    1) (   0,    1)
          (   0,    3) (   8,    3) (   0,    2) (   0,    3) (   8,    3) (   0,    2) (   0,    1) (   8,    3) (   0,    2) (   0,    3)
          (   6,    2) (   0,    1) (   0,    2) (   7,    3) (   0,    1) (   0,    3) (   8,    3) (   0,    2) (   0,    3) (   8,    1)
          (   0,    2) (   0,    2) (   8,    3) (   0,    2) (   0,    3) (   6,    2) (   0,    2) (   0,    3) (   7,    3) (   0,    2)
          (   0,    3) (   8,    3) (   0,    2) (   0,    3) (   6,    3) (   0,    2) (   0,    2) (   7,    3) (   0,    2) (   0,    3)
          (   7,    3) (   0,    2) (   0,    3) (   6,    3) (   0,    2) (   0,    2) (   8,    3) (   0,    2) (   0,    3) (   8,    1)
          (   0,    1) (   0,    2) (   7,    3) (   0,    1) (   0,    3) (   7,    3) (   0,    2) (   0,    2) (   7,    2) (   0,    1)
          (   0,    3) (   8,    3) (   0,    2) (   0,    2) (   8,    3) (   0,    2) (   0,    3) (   8,    2) (   0,    2) (   0,    3)
          (   7,    2) (   0,    1) (   0,    3) (   8,    3) (   0,    2) (   0,    3) (   8,    3) (   0,    2) (   0,    3) (   8,    3)
          (   0,    2) (   0,    3) (   8,    3) (   0,    2) (   0,    3) (   8,    3) (   0,    2) (   0,    3) (   8,    3) (   0,    2)
          (   0,    3) (   8,    3) (   0,    2) (   0,    3) (   8,    3) (   0,    2) (   0,    3) (   8,    3) (   0,    2) (   0,    3)
          (   8,    3) (   0,    2) (   0,    3) (   8,    3) (   0,    2) (   0,    3) (   8,    3) (   0,    2) (   0,    3) (   8,    3)
          (   0,    2) (   0,    3) (   8,    3) (   0,    2) (   0,    3) (   8,    3) (   0,    2) (   0,    3) (   8,    3) (   0,    2)
          (   0,    3) (   8,    3) (   0,    2) (   0,    3) (   8,    3) (   0,    2) (   0,    3) (   8,    3) (   0,    2) (   0,    3)
          (   8,    3) (   0,    2) (   0,    3) (   8,    3) (   0,    2) (   0,    3) (   8,    3) (   0,    2) (   0,    3) (   8,    3)
          (   0,    2) (   0,    3) (   8,    3) (   0,    2) (   0,    3) (   8,    3) (   0,    2) (   0,    3) (   8,    3) (   0,    2)
          (   0,    3) (   8,    3) (   0,    2) (   0,    3) (   8,    3) (   0,    2) (   0,    3) (   8,    3) (   0,    2) (   0,    3)
          (   8,    3) (   0,    2) (   0,    3) (   8,    3) (   0,    2) (   0,    3) (   8,    3) (   0,    2) (   0,    3) (   8,    3)
          (   0,    2) (   0,    3) (   8,    3) (   0,    2) (   0,    3) (   8,    3) (   0,    2) (   0,    3) (   8,    3) (   0,    2)
          (   0,    3) (   8,    3) (   0,    2) (   0,    3) (   8,    3) (   0,    2) (   0,    3) (   8,    3) (   0,    2) (   0,    3)
          (   8,    3) (   0,    2) (   0,    3) (   8,    3) (   0,    2) (   0,    3) (   8,    3) (   0,    2) (   0,    3) (   8,    3)
          (   0,    2) (   0,    3) (   8,    3) (   0,    2) (   0,    3) (   8,    3) (   0,    2) (   0,    3) (   8,    3) (   0,    2)
          (   0,    3) (   8,    3) (   0,    2) (   0,    3) (   8,    3) (   0,    2) (   0,    3) (   8,    3) (   0,    2) (   0,    3)
          (   8,    3) (   0,    2) (   0,    3) (   8,    3) (   0,    2) (   0,    3) (   8,    3) (   0,    2) (   0,    3) (   8,    3)
          (   0,    2) (   0,    3) (   8,    3) (   0,    2) (   0,    3) (   8,    3) (   0,    2) (   0,    3) (   8,    3) (   0,    2)
          (   0,    3) (   8,    3) (   0,    2) (   0,    3) (   8,    3) (   0,    2) (   0,    3) (   8,    3) (   0,    2) (   0,    3)
          (   8,    3) (   0,    2) (   0,    3) (   8,    3) (   0,    2) (   0,    3) (   8,    3) (   0,    2) (   0,    3) (   8,    3)
          (   0,    2) (   0,    3) (   8,    3) (   0,    2) (   0,    3) (   8,    3) (   0,    2) (   0,    3) (   8,    3) (   0,    2)
          (   0,    3) (   8,    3) (   0,    2) (   0,    3) (   8,    3) (   0,    2) (   0,    3) (   8,    3) (   0,    2) (   0,    3)
          (   8,    3) (   0,    2) (   0,    3) (   8,    3) (   0,    2) (   0,    3) (   8,    3) (   0,    2) (   0,    3) (   8,    3)
          (   0,    2) (   0,    3) (   8,    3) (   0,    2) (   0,    3) (   8,    3) (   0,    2) (   0,    3) (   8,    3) (   0,    2)
          (   0,    3) (   8,    3) (   0,    2) (   0,    3) (   8,    3) (   0,    2) (   0,    3) (   8,    3) (   0,    2) (   0,    3)
          (   8,    3) (   0,    2) (   0,    3) (   8,    3) (   0,    2) (   0,    3) (   8,    3) (   0,    2) (   0,    3) (   8,    3)
          (   0,    2) (   0,    3) (   8,    3) (   0,    2) (   0,    3) (   8,    3) (   0,    2) (   0,    3) (   8,    3) (   0,    2)
          (   0,    3) (   8,    3) (   0,    2) (   0,    3) (   8,    3) (   0,    2) (   0,    3) (   8,    3) (   0,    2) (   0,    3)
          (   8,    3) (   0,    2) (   0,    3) (   8,    3) (   0,    2) (   0,    3) (   8,    3) (   0,    2) (   0,    3) (   8,    3)
          (   0,    2) (   0,    3) (   8,    3) (   0,    2) (   0,    3) (   8,    3) (   0,    2) (   0,    3) (   8,    3) (   0,    2)
          (   0,    3) (   8,    3) (   0,    2) (   0,    3) (   8,    3) (   0,    2) (   0,    3) (   8,    3) (   0,    2) (   0,    3)
          (   8,    3) (   0,    2) (   0,    3) (   8,    3) (   0,    2) (   0,    3) (   8,    3) (   0,    2) (   0,    3) (   8,    3)
          (   0,    2) (   0,    3) (   8,    3) (   0,    2) (   0,    3) (   8,    3) (   0,    2) (   0,    3) (   8,    3) (   0,    2)
          (   0,    3) (   8,    3) (   0,    2) (   0,    3) (   8,    3) (   0,    2) (   0,    3) (   8,    3) (   0,    2) (   0,    3)
          (   8,    3) (   0,    2) (   0,    3) (   8,    3) (   0,    2) (   0,    3) (   8,    3) (   0,    2) (   0,    3) (   8,    3)
          (   0,    2) (   0,    3) (   8,    3) (   0,    2) (   0,    3) (   8,    3) (   0,    2) (   0,    3) (   8,    3) (   0,    2)
          (   0,    3) (   8,    3) (   0,    2) (   0,    3) (   8,    3) (   0,    2) (   0,    3) (   8,    3) (   0,    2) (   0,    3)
          (   8,    3) (   0,    2) (   0,    3) (   8,    3) (   0,    2) (   0,    3) (   8,    3) (   0,    2) (   0,    3) (   8,    3)
          (   0,    2) (   0,    3) (   8,    3) (   0,    2) (   0,    3) (   8,    3) (   0,    2) (   0,    3) (   8,    3) (   0,    2)
          (   0,    3) (   8,    3) (   0,    2) (   0,    3) (   8,    3) (   0,    2) (   0,    3) (   8,    3) (   0,    2) (   0,    3)
          (   8,    3) (   0,    2) (   0,    3) (   8,    3) (   0,    2) (   0,    3) (   8,    3) (   0,    2) (   0,    3) (   8,    3)
         
node   1 sent_total   1839  recv_total   1816

node   2  (   1,    0) (   0,    0) (   0,    1) (   0,    0) (   9,    1) (   0,    2) (   0,    4) (   9,    3) (   0,    2) (   0,    4)
          (   9,    3) (   0,    2) (   0,    4) (   9,    3) (   0,    2) (   0,    4) (   9,    3) (   0,    2) (   0,    4) (   9,    3)
          (   0,    2) (   0,    4) (   9,    3) (   0,    2) (   0,    4) (   9,    3) (   0,    2) (   0,    4) (   9,    3) (   0,    2)
          (   0,    4) (   9,    3) (   0,    2) (   0,    4) (   9,    3) (   0,    2) (   0,    4) (   9,    3) (   0,    2) (   0,    4)
          (   9,    3) (   0,    2) (   0,    4) (   9,    3) (   0,    2) (   0,    4) (   9,    3) (   0,    2) (   0,    4) (   9,    3)
          (   0,    2) (   0,    4) (   9,    3) (   0,    2) (   0,    4) (   8,    3) (   0,    2) (   0,    4) (   9,    3) (   0,    2)
          (   0,    4) (   8,    2) (   0,    2) (   0,    4) (   9,    3) (   0,    2) (   0,    4) (   6,    3) (   0,    2) (   0,    4)
          (   9,    3) (   0,    2) (   0,    4) (   7,    3) (   0,    2) (   0,    3) (   9,    3) (   0,    1) (   0,    4) (   8,    3)
          (   0,    2) (   0,    4) (   8,    3) (   0,    2) (   0,    4) (   9,    2) (   0,    2) (   0,    4) (   6,    3) (   0,    2)
          (   0,    3) (   8,    2) (   0,    2) (   0,    4) (   8,    3) (   0,    2) (   0,    2) (   8,    3) (   0,    2) (   0,    4)
          (   6,    3) (   0,    2) (   0,    3) (   8,    2) (   0,    2) (   0,    3) (   9,    3) (   0,    2) (   0,    3) (   9,    3)
          (   0,    1) (   0,    3) (   9,    3) (   0,    2) (   0,    3) (   8,    2) (   0,    2) (   0,    3) (   8,    3) (   0,    2)
          (   0,    3) (   6,    3) (   0,    2) (   0,    1) (   8,    3) (   0,    2) (   0,    3) (   7,    2) (   0,    2) (   0,    2)
          (   8,    2) (   0,    2) (   0,    3) (   8,    3) (   0,    2) (   0,    2) (   8,    2) (   0,    2) (   0,    3) (   8,    2)
          (   0,    2) (   0,    3) (   7,    2) (   0,    2) (   0,    3) (   5,    3) (   0,    1) (   0,    3) (   6,    1) (   0,    2)
          (   0,    3) (   7,    3) (   0,    2) (   0,    2) (   8,    3) (   0,    2) (   0,    3) (   8,    3) (   0,    2) (   0,    3)
          (   7,    2) (   0,    2) (   0,    2) (   8,    2) (   0,    1) (   0,    3) (   8,    3) (   0,    1) (   0,    3) (   7,    2)
          (   0,    2) (   0,    3) (   7,    3) (   0,    2) (   0,    3) (   8,    3) (   0,    2) (   0,    3) (   7,    2) (   0,    2)
          (   0,    3) (   7,    3) (   0,    2) (   0,    3) (   8,    3) (   0,    2) (   0,    3) (   7,    3) (   0,    2) (   0,    3)
          (   8,    3) (   0,    2) (   0,    3) (   7,    3) (   0,    2) (   0,    3) (   8,    3) (   0,    2) (   0,    3) (   7,    3)
          (   0,    1) (   0,    2) (   8,    3) (   0,    2) (   0,    3) (   7,    3) (   0,    2) (   0,    3) (   6,    3) (   0,    2)
          (   0,    3) (   8,    3) (   0,    2) (   0,    2) (   7,    3) (   0,    0) (   0,    2) (   4,    2) (   0,    2) (   0,    3)
          (   7,    2) (   0,    1) (   0,    3) (   8,    3) (   0,    2) (   0,    2) (   8,    3) (   0,    2) (   0,    3) (   6,    3)
          (   0,    2) (   0,    2) (   6,    3) (   0,    2) (   0,    2) (   7,    3) (   0,    2) (   0,    2) (   8,    3) (   0,    2)
          (   0,    3) (   7,    3) (   0,    2) (   0,    3) (   6,    3) (   0,    2) (   0,    1) (   8,    3) (   0,    2) (   0,    3)
          (   7,    3) (   0,    1) (   0,    3) (   6,    2) (   0,    2) (   0,    3) (   7,    3) (   0,    2) (   0,    3) (   7,    2)
          (   0,    2) (   0,    3) (   6,    3) (   0,    2) (   0,    2) (   6,    2) (   0,    2) (   0,    3) (   8,    3) (   0,    1)
          (   0,    3) (   8,    3) (   0,    2) (   0,    3) (   6,    2) (   0,    1) (   0,    2) (   7,    3) (   0,    2) (   0,    3)
          (   6,    3) (   0,    2) (   0,    3) (   7,    2) (   0,    2) (   0,    3) (   8,    3) (   0,    2) (   0,    2) (   6,    2)
          (   0,    1) (   0,    3) (   6,    3) (   0,    2) (   0,    3) (   7,    3) (   0,    1) (   0,    3) (   7,    3) (   0,    2)
          (   0,    2) (   8,    3) (   0,    2) (   0,    3) (   8,    3) (   0,    2) (   0,    3) (   8,    3) (   0,    2) (   0,    3)
          (   8,    3) (   0,    2) (   0,    3) (   8,    3) (   0,    2) (   0,    3) (   8,    3) (   0,    2) (   0,    3) (   8,    3)
          (   0,    2) (   0,    3) (   8,    3) (   0,    2) (   0,    3) (   8,    3) (   0,    2) (   0,    3) (   8,    3) (   0,    2)
          (   0,    3) (   8,    3) (   0,    2) (   0,    3) (   8,    3) (   0,    2) (   0,    3) (   8,    3) (   0,    2) (   0,    3)
          (   8,    3) (   0,    2) (   0,    3) (   8,    3) (   0,    2) (   0,    3) (   8,    3) (   0,    2) (   0,    3) (   8,    3)
          (   0,    2) (   0,    3) (   8,    3) (   0,    2) (   0,    3) (   8,    3) (   0,    2) (   0,    3) (   8,    3) (   0,    2)
          (   0,    3) (   8,    3) (   0,    2) (   0,    3) (   8,    3) (   0,    2) (   0,    3) (   8,    3) (   0,    2) (   0,    3)
          (   8,    3) (   0,    2) (   0,    3) (   8,    3) (   0,    2) (   0,    3) (   8,    3) (   0,    2) (   0,    3) (   8,    3)
          (   0,    2) (   0,    3) (   8,    3) (   0,    2) (   0,    3) (   8,    3) (   0,    2) (   0,    3) (   8,    3) (   0,    2)
          (   0,    3) (   8,    3) (   0,    2) (   0,    3) (   8,    3) (   0,    2) (   0,    3) (   8,    3) (   0,    2) (   0,    3)
          (   8,    3) (   0,    2) (   0,    3) (   8,    3) (   0,    2) (   0,    3) (   8,    3) (   0,    2) (   0,    3) (   8,    3)
          (   0,    2) (   0,    3) (   8,    3) (   0,    2) (   0,    3) (   8,    3) (   0,    2) (   0,    3) (   8,    3) (   0,    2)
          (   0,    3) (   8,    3) (   0,    2) (   0,    3) (   8,    3) (   0,    2) (   0,    3) (   8,    3) (   0,    2) (   0,    3)
          (   8,    3) (   0,    2) (   0,    3) (   8,    3) (   0,    2) (   0,    3) (   8,    3) (   0,    2) (   0,    3) (   8,    3)
          (   0,    2) (   0,    3) (   8,    3) (   0,    2) (   0,    3) (   8,    3) (   0,    2) (   0,    3) (   8,    3) (   0,    2)
          (   0,    3) (   8,    3) (   0,    2) (   0,    3) (   8,    3) (   0,    2) (   0,    3) (   8,    3) (   0,    2) (   0,    3)
          (   8,    3) (   0,    2) (   0,    3) (   8,    3) (   0,    2) (   0,    3) (   8,    3) (   0,    2) (   0,    3) (   8,    3)
          (   0,    2) (   0,    3) (   8,    3) (   0,    2) (   0,    3) (   8,    3) (   0,    2) (   0,    3) (   8,    3) (   0,    2)
          (   0,    3) (   8,    3) (   0,    2) (   0,    3) (   8,    3) (   0,    2) (   0,    3) (   8,    3) (   0,    2) (   0,    3)
          (   8,    3) (   0,    2) (   0,    3) (   8,    3) (   0,    2) (   0,    3) (   8,    3) (   0,    2) (   0,    3) (   8,    3)
          (   0,    2) (   0,    3) (   8,    3) (   0,    2) (   0,    3) (   8,    3) (   0,    2) (   0,    3) (   8,    3) (   0,    2)
          (   0,    3) (   8,    3) (   0,    2) (   0,    3) (   8,    3) (   0,    2) (   0,    3) (   8,    3) (   0,    2) (   0,    3)
          (   8,    3) (   0,    2) (   0,    3) (   8,    3) (   0,    2) (   0,    3) (   8,    3) (   0,    2) (   0,    3) (   8,    3)
          (   0,    2) (   0,    3) (   8,    3) (   0,    2) (   0,    3) (   8,    3) (   0,    2) (   0,    3) (   8,    3) (   0,    2)
          (   0,    3) (   8,    3) (   0,    2) (   0,    3) (   8,    3) (   0,    2) (   0,    3) (   8,    3) (   0,    2) (   0,    3)
          (   8,    3) (   0,    2) (   0,    3) (   8,    3) (   0,    2) (   0,    3) (   8,    3) (   0,    2) (   0,    3) (   8,    3)
          (   0,    2) (   0,    3) (   8,    3) (   0,    2) (   0,    3) (   8,    3) (   0,    2) (   0,    3) (   8,    3) (   0,    2)
          (   0,    3) (   8,    3) (   0,    2) (   0,    3) (   8,    3) (   0,    2) (   0,    3) (   8,    3) (   0,    2) (   0,    3)
          (   8,    3) (   0,    2) (   0,    3) (   8,    3) (   0,    2) (   0,    3) (   8,    3) (   0,    2) (   0,    3) (   8,    3)
          (   0,    2) (   0,    3) (   8,    3) (   0,    2) (   0,    3) (   8,    3) (   0,    2) (   0,    3) (   8,    3) (   0,    2)
          (   0,    3) (   8,    3) (   0,    2) (   0,    3) (   8,    3) (   0,    2) (   0,    3) (   8,    3) (   0,    2) (   0,    3)
          (   8,    3) (   0,    2) (   0,    3) (   8,    3) (   0,    2) (   0,    3) (   8,    3) (   0,    2) (   0,    3) (   8,    3)
          (   0,    2) (   0,    3) (   8,    3) (   0,    2) (   0,    3) (   8,    3) (   0,    2) (   0,    3) (   8,    3) (   0,    2)
          (   0,    3) (   8,    3) (   0,    2) (   0,    3) (   8,    3) (   0,    2) (   0,    3) (   8,    3) (   0,    2) (   0,    3)
          (   8,    3) (   0,    2) (   0,    3) (   8,    3) (   0,    2) (   0,    3) (   8,    3) (   0,    2) (   0,    3) (   8,    3)
          (   0,    2) (   0,    3) (   8,    3) (   0,    2) (   0,    3) (   8,    3) (   0,    2) (   0,    3) (   8,    3) (   0,    2)
          (   0,    3) (   8,    3) (   0,    2) (   0,    3) (   8,    3) (   0,    2) (   0,    3) (   8,    3) (   0,    2) (   0,    3)
          (   8,    3) (   0,    2) (   0,    3) (   8,    3) (   0,    2) (   0,    3) (   8,    3) (   0,    2) (   0,    3) (   8,    3)
          (   0,    2) (   0,    3) (   8,    3) (   0,    2) (   0,    3) (   8,    3) (   0,    2) (   0,    3) (   8,    3) (   0,    2)
          (   0,    3) (   8,    3) (   0,    2) (   0,    3) (   8,    3) (   0,    2) (   0,    3) (   8,    3) (   0,    2) (   0,    3)
         
node   2 sent_total   1819  recv_total   1826

node   3  (   1,    0) (   0,    0) (   0,    1) (   0,    0) (   9,    1) (   0,    2) (   0,    4) (   9,    3) (   0,    2) (   0,    4)
          (   9,    3) (   0,    2) (   0,    4) (   9,    3) (   0,    2) (   0,    4) (   9,    3) (   0,    2) (   0,    4) (   9,    3)
          (   0,    2) (   0,    4) (   9,    3) (   0,    2) (   0,    4) (   9,    3) (   0,    2) (   0,    4) (   9,    3) (   0,    2)
          (   0,    4) (   9,    3) (   0,    2) (   0,    4) (   9,    3) (   0,    2) (   0,    4) (   9,    3) (   0,    2) (   0,    4)
          (   9,    3) (   0,    2) (   0,    4) (   9,    3) (   0,    2) (   0,    4) (   9,    3) (   0,    2) (   0,    4) (   9,    3)
          (   0,    2) (   0,    4) (   9,    3) (   0,    2) (   0,    4) (   9,    3) (   0,    1) (   0,    4) (   7,    3) (   0,    2)
          (   0,    4) (   9,    2) (   0,    2) (   0,    4) (   7,    2) (   0,    1) (   0,    4) (   9,    3) (   0,    2) (   0,    4)
          (   9,    2) (   0,    2) (   0,    4) (   9,    3) (   0,    1) (   0,    4) (   8,    3) (   0,    2) (   0,    4) (   9,    3)
          (   0,    2) (   0,    3) (   8,    3) (   0,    2) (   0,    4) (   9,    0) (   0,    2) (   0,    4) (   7,    3) (   0,    1)
          (   0,    4) (   6,    2) (   0,    2) (   0,    4) (   9,    3) (   0,    1) (   0,    4) (   8,    3) (   0,    1) (   0,    4)
          (   8,    2) (   0,    2) (   0,    3) (   8,    3) (   0,    2) (   0,    3) (   9,    3) (   0,    2) (   0,    2) (   8,    3)
          (   0,    2) (   0,    3) (   6,    2) (   0,    2) (   0,    3) (   9,    3) (   0,    2) (   0,    1) (   9,    3) (   0,    2)
          (   0,    2) (   8,    3) (   0,    2) (   0,    3) (   8,    3) (   0,    2) (   0,    3) (   7,    2) (   0,    2) (   0,    3)
          (   8,    3) (   0,    2) (   0,    3) (   8,    2) (   0,    2) (   0,    3) (   8,    3) (   0,    2) (   0,    2) (   8,    3)
          (   0,    2) (   0,    1) (   7,    2) (   0,    2) (   0,    2) (   7,    3) (   0,    2) (   0,    3) (   7,    2) (   0,    1)
          (   0,    3) (   8,    3) (   0,    2) (   0,    3) (   7,    3) (   0,    2) (   0,    2) (   8,    3) (   0,    2) (   0,    3)
          (   7,    3) (   0,    2) (   0,    3) (   8,    3) (   0,    2) (   0,    3) (   7,    3) (   0,    2) (   0,    3) (   7,    2)
          (   0,    1) (   0,    3) (   8,    2) (   0,    1) (   0,    3) (   8,    3) (   0,    2) (   0,    3) (   8,    3) (   0,    2)
          (   0,    3) (   8,    3) (   0,    2) (   0,    3) (   8,    3) (   0,    2) (   0,    3) (   8,    2) (   0,    2) (   0,    1)
          (   5,    3) (   0,    2) (   0,    3) (   6,    3) (   0,    2) (   0,    3) (   6,    3) (   0,    2) (   0,    3) (   7,    3)
          (   0,    1) (   0,    3) (   6,    3) (   0,    2) (   0,    3) (   8,    3) (   0,    2) (   0,    3) (   7,    3) (   0,    2)
          (   0,    3) (   6,    3) (   0,    2) (   0,    2) (   5,    1) (   0,    2) (   0,    2) (   7,    3) (   0,    1) (   0,    1)
          (   7,    3) (   0,    2) (   0,    3) (   8,    3) (   0,    2) (   0,    3) (   8,    2) (   0,    2) (   0,    3) (   7,    3)
          (   0,    1) (   0,    2) (   8,    3) (   0,    1) (   0,    3) (   6,    3) (   0,    1) (   0,    1) (   8,    3) (   0,    2)
          (   0,    3) (   7,    2) (   0,    2) (   0,    2) (   6,    3) (   0,    1) (   0,    3) (   8,    3) (   0,    2) (   0,    2)
          (   6,    3) (   0,    2) (   0,    2) (   8,    3) (   0,    1) (   0,    3) (   7,    2) (   0,    2) (   0,    2) (   7,    3)
          (   0,    1) (   0,    3) (   8,    3) (   0,    0) (   0,    3) (   8,    2) (   0,    1) (   0,    2) (   5,    3) (   0,    2)
          (   0,    3) (   8,    2) (   0,    2) (   0,    3) (   7,    2) (   0,    2) (   0,    3) (   7,    3) (   0,    2) (   0,    2)
          (   7,    3) (   0,    2) (   0,    2) (   6,    3) (   0,    1) (   0,    2) (   8,    3) (   0,    2) (   0,    3) (   6,    3)
          (   0,    2) (   0,    3) (   8,    2) (   0,    2) (   0,    3) (   6,    3) (   0,    2) (   0,    2) (   8,    3) (   0,    2)
          (   0,    3) (   8,    3) (   0,    2) (   0,    3) (   8,    3) (   0,    2) (   0,    3) (   8,    3) (   0,    2) (   0,    3)
          (   8,    3) (   0,    2) (   0,    3) (   8,    3) (   0,    2) (   0,    3) (   8,    3) (   0,    2) (   0,    3) (   8,    3)
          (   0,    2) (   0,    3) (   8,    3) (   0,    2) (   0,    3) (   8,    3) (   0,    2) (   0,    3) (   8,    3) (   0,    2)
          (   0,    3) (   8,    3) (   0,    2) (   0,    3) (   8,    3) (   0,    2) (   0,    3) (   8,    3) (   0,    2) (   0,    3)
          (   8,    3) (   0,    2) (   0,    3) (   8,    3) (   0,    2) (   0,    3) (   8,    3) (   0,    2) (   0,    3) (   8,    3)
          (   0,    2) (   0,    3) (   8,    3) (   0,    2) (   0,    3) (   8,    3) (   0,    2) (   0,    3) (   8,    3) (   0,    2)
          (   0,    3) (   8,    3) (   0,    2) (   0,    3) (   8,    3) (   0,    2) (   0,    3) (   8,    3) (   0,    2) (   0,    3)
          (   8,    3) (   0,    2) (   0,    3) (   8,    3) (   0,    2) (   0,    3) (   8,    3) (   0,    2) (   0,    3) (   8,    3)
          (   0,    2) (   0,    3) (   8,    3) (   0,    2) (   0,    3) (   8,    3) (   0,    2) (   0,    3) (   8,    3) (   0,    2)
          (   0,    3) (   8,    3) (   0,    2) (   0,    3) (   8,    3) (   0,    2) (   0,    3) (   8,    3) (   0,    2) (   0,    3)
          (   8,    3) (   0,    2) (   0,    3) (   8,    3) (   0,    2) (   0,    3) (   8,    3) (   0,    2) (   0,    3) (   8,    3)
          (   0,    2) (   0,    3) (   8,    3) (   0,    2) (   0,    3) (   8,    3) (   0,    2) (   0,    3) (   8,    3) (   0,    2)
          (   0,    3) (   8,    3) (   0,    2) (   0,    3) (   8,    3) (   0,    2) (   0,    3) (   8,    3) (   0,    2) (   0,    3)
          (   8,    3) (   0,    2) (   0,    3) (   8,    3) (   0,    2) (   0,    3) (   8,    3) (   0,    2) (   0,    3) (   8,    3)
          (   0,    2) (   0,    3) (   8,    3) (   0,    2) (   0,    3) (   8,    3) (   0,    2) (   0,    3) (   8,    3) (   0,    2)
          (   0,    3) (   8,    3) (   0,    2) (   0,    3) (   8,    3) (   0,    2) (   0,    3) (   8,    3) (   0,    2) (   0,    3)
          (   8,    3) (   0,    2) (   0,    3) (   8,    3) (   0,    2) (   0,    3) (   8,    3) (   0,    2) (   0,    3) (   8,    3)
          (   0,    2) (   0,    3) (   8,    3) (   0,    2) (   0,    3) (   8,    3) (   0,    2) (   0,    3) (   8,    3) (   0,    2)
          (   0,    3) (   8,    3) (   0,    2) (   0,    3) (   8,    3) (   0,    2) (   0,    3) (   8,    3) (   0,    2) (   0,    3)
          (   8,    3) (   0,    2) (   0,    3) (   8,    3) (   0,    2) (   0,    3) (   8,    3) (   0,    2) (   0,    3) (   8,    3)
          (   0,    2) (   0,    3) (   8,    3) (   0,    2) (   0,    3) (   8,    3) (   0,    2) (   0,    3) (   8,    3) (   0,    2)
          (   0,    3) (   8,    3) (   0,    2) (   0,    3) (   8,    3) (   0,    2) (   0,    3) (   8,    3) (   0,    2) (   0,    3)
          (   8,    3) (   0,    2) (   0,    3) (   8,    3) (   0,    2) (   0,    3) (   8,    3) (   0,    2) (   0,    3) (   8,    3)
          (   0,    2) (   0,    3) (   8,    3) (   0,    2) (   0,    3) (   8,    3) (   0,    2) (   0,    3) (   8,    3) (   0,    2)
          (   0,    3) (   8,    3) (   0,    2) (   0,    3) (   8,    3) (   0,    2) (   0,    3) (   8,    3) (   0,    2) (   0,    3)
          (   8,    3) (   0,    2) (   0,    3) (   8,    3) (   0,    2) (   0,    3) (   8,    3) (   0,    2) (   0,    3) (   8,    3)
          (   0,    2) (   0,    3) (   8,    3) (   0,    2) (   0,    3) (   8,    3) (   0,    2) (   0,    3) (   8,    3) (   0,    2)
          (   0,    3) (   8,    3) (   0,    2) (   0,    3) (   8,    3) (   0,    2) (   0,    3) (   8,    3) (   0,    2) (   0,    3)
          (   8,    3) (   0,    2) (   0,    3) (   8,    3) (   0,    2) (   0,    3) (   8,    3) (   0,    2) (   0,    3) (   8,    3)
          (   0,    2) (   0,    3) (   8,    3) (   0,    2) (   0,    3) (   8,    3) (   0,    2) (   0,    3) (   8,    3) (   0,    2)
          (   0,    3) (   8,    3) (   0,    2) (   0,    3) (   8,    3) (   0,    2) (   0,    3) (   8,    3) (   0,    2) (   0,    3)
          (   8,    3) (   0,    2) (   0,    3) (   8,    3) (   0,    2) (   0,    3) (   8,    3) (   0,    2) (   0,    3) (   8,    3)
          (   0,    2) (   0,    3) (   8,    3) (   0,    2) (   0,    3) (   8,    3) (   0,    2) (   0,    3) (   8,    3) (   0,    2)
          (   0,    3) (   8,    3) (   0,    2) (   0,    3) (   8,    3) (   0,    2) (   0,    3) (   8,    3) (   0,    2) (   0,    3)
          (   8,    3) (   0,    2) (   0,    3) (   8,    3) (   0,    2) (   0,    3) (   8,    3) (   0,    2) (   0,    3) (   8,    3)
          (   0,    2) (   0,    3) (   8,    3) (   0,    2) (   0,    3) (   8,    3) (   0,    2) (   0,    3) (   8,    3) (   0,    2)
          (   0,    3) (   8,    3) (   0,    2) (   0,    3) (   8,    3) (   0,    2) (   0,    3) (   8,    3) (   0,    2) (   0,    3)
          (   8,    3) (   0,    2) (   0,    3) (   8,    3) (   0,    2) (   0,    3) (   8,    3) (   0,    2) (   0,    3) (   8,    3)
          (   0,    2) (   0,    3) (   8,    3) (   0,    2) (   0,    3) (   8,    3) (   0,    2) (   0,    3) (   8,    3) (   0,    2)
          (   0,    3) (   8,    3) (   0,    2) (   0,    3) (   8,    3) (   0,    2) (   0,    3) (   8,    3) (   0,    2) (   0,    3)
         
node   3 sent_total   1830  recv_total   1813

node   4  (   1,    0) (   0,    0) (   0,    1) (   0,    0) (   9,    1) (   0,    2) (   0,    4) (   9,    3) (   0,    2) (   0,    4)
          (   9,    3) (   0,    2) (   0,    4) (   9,    3) (   0,    2) (   0,    4) (   9,    3) (   0,    2) (   0,    4) (   9,    3)
          (   0,    2) (   0,    4) (   9,    3) (   0,    2) (   0,    4) (   9,    3) (   0,    2) (   0,    4) (   9,    3) (   0,    2)
          (   0,    4) (   9,    3) (   0,    2) (   0,    4) (   9,    3) (   0,    2) (   0,    4) (   9,    3) (   0,    2) (   0,    4)
          (   9,    3) (   0,    2) (   0,    4) (   9,    3) (   0,    2) (   0,    4) (   9,    3) (   0,    2) (   0,    4) (   9,    3)
          (   0,    2) (   0,    4) (   9,    3) (   0,    2) (   0,    3) (   7,    2) (   0,    2) (   0,    4) (   8,    3) (   0,    2)
          (   0,    3) (   7,    3) (   0,    2) (   0,    4) (   8,    3) (   0,    2) (   0,    3) (   8,    3) (   0,    2) (   0,    4)
          (   9,    3) (   0,    2) (   0,    4) (   8,    3) (   0,    2) (   0,    4) (   6,    3) (   0,    1) (   0,    4) (   5,    2)
          (   0,    2) (   0,    4) (   9,    3) (   0,    2) (   0,    4) (   8,    3) (   0,    2) (   0,    3) (   7,    2) (   0,    2)
          (   0,    4) (   9,    3) (   0,    1) (   0,    4) (   9,    2) (   0,    2) (   0,    4) (   7,    3) (   0,    2) (   0,    3)
          (   9,    2) (   0,    2) (   0,    3) (   8,    3) (   0,    2) (   0,    2) (   8,    2) (   0,    2) (   0,    3) (   6,    3)
          (   0,    2) (   0,    3) (   8,    3) (   0,    2) (   0,    3) (   9,    3) (   0,    2) (   0,    3) (   5,    3) (   0,    2)
          (   0,    3) (   8,    3) (   0,    1) (   0,    3) (   8,    3) (   0,    2) (   0,    2) (   8,    3) (   0,    1) (   0,    3)
          (   7,    1) (   0,    2) (   0,    3) (   8,    3) (   0,    2) (   0,    3) (   7,    2) (   0,    2) (   0,    3) (   7,    3)
          (   0,    2) (   0,    3) (   8,    3) (   0,    2) (   0,    3) (   5,    3) (   0,    0) (   0,    3) (   8,    2) (   0,    1)
          (   0,    2) (   8,    3) (   0,    2) (   0,    3) (   8,    2) (   0,    2) (   0,    2) (   8,    3) (   0,    2) (   0,    3)
          (   8,    3) (   0,    2) (   0,    3) (   6,    3) (   0,    2) (   0,    3) (   7,    3) (   0,    2) (   0,    3) (   8,    2)
          (   0,    2) (   0,    2) (   8,    3) (   0,    2) (   0,    3) (   6,    3) (   0,    2) (   0,    3) (   8,    3) (   0,    2)
          (   0,    2) (   6,    3) (   0,    2) (   0,    3) (   8,    2) (   0,    2) (   0,    2) (   7,    2) (   0,    2) (   0,    3)
          (   8,    3) (   0,    1) (   0,    3) (   7,    2) (   0,    2) (   0,    3) (   7,    3) (   0,    2) (   0,    3) (   7,    3)
          (   0,    2) (   0,    1) (   8,    3) (   0,    1) (   0,    2) (   7,    3) (   0,    2) (   0,    3) (   8,    2) (   0,    1)
          (   0,    3) (   8,    3) (   0,    2) (   0,    3) (   6,    3) (   0,    2) (   0,    3) (   7,    3) (   0,    1) (   0,    3)
          (   8,    3) (   0,    2) (   0,    3) (   8,    2) (   0,    2) (   0,    3) (   8,    3) (   0,    2) (   0,    3) (   8,    3)
          (   0,    0) (   0,    3) (   8,    2) (   0,    2) (   0,    3) (   7,    3) (   0,    2) (   0,    3) (   6,    3) (   0,    2)
          (   0,    3) (   7,    3) (   0,    2) (   0,    2) (   8,    2) (   0,    1) (   0,    3) (   8,    3) (   0,    2) (   0,    2)
          (   8,    3) (   0,    2) (   0,    3) (   8,    3) (   0,    2) (   0,    3) (   8,    2) (   0,    2) (   0,    3) (   7,    3)
          (   0,    2) (   0,    3) (   7,    3) (   0,    1) (   0,    3) (   7,    3) (   0,    2) (   0,    3) (   8,    3) (   0,    2)
          (   0,    3) (   6,    3) (   0,    2) (   0,    3) (   7,    3) (   0,    2) (   0,    3) (   6,    3) (   0,    2) (   0,    3)
          (   8,    2) (   0,    2) (   0,    3) (   6,    2) (   0,    1) (   0,    2) (   7,    2) (   0,    2) (   0,    3) (   8,    3)
          (   0,    2) (   0,    2) (   7,    3) (   0,    2) (   0,    2) (   8,    3) (   0,    2) (   0,    3) (   8,    3) (   0,    2)
          (   0,    2) (   8,    3) (   0,    2) (   0,    3) (   8,    3) (   0,    2) (   0,    3) (   8,    3) (   0,    2) (   0,    3)
          (   8,    3) (   0,    2) (   0,    3) (   8,    3) (   0,    2) (   0,    3) (   8,    3) (   0,    2) (   0,    3) (   8,    3)
          (   0,    2) (   0,    3) (   8,    3) (   0,    2) (   0,    3) (   8,    3) (   0,    2) (   0,    3) (   8,    3) (   0,    2)
          (   0,    3) (   8,    3) (   0,    2) (   0,    3) (   8,    3) (   0,    2) (   0,    3) (   8,    3) (   0,    2) (   0,    3)
          (   8,    3) (   0,    2) (   0,    3) (   8,    3) (   0,    2) (   0,    3) (   8,    3) (   0,    2) (   0,    3) (   8,    3)
          (   0,    2) (   0,    3) (   8,    3) (   0,    2) (   0,    3) (   8,    3) (   0,    2) (   0,    3) (   8,    3) (   0,    2)
          (   0,    3) (   8,    3) (   0,    2) (   0,    3) (   8,    3) (   0,    2) (   0,    3) (   8,    3) (   0,    2) (   0,    3)
          (   8,    3) (   0,    2) (   0,    3) (   8,    3) (   0,    2) (   0,    3) (   8,    3) (   0,    2) (   0,    3) (   8,    3)
          (   0,    2) (   0,    3) (   8,    3) (   0,    2) (   0,    3) (   8,    3) (   0,    2) (   0,    3) (   8,    3) (   0,    2)
          (   0,    3) (   8,    3) (   0,    2) (   0,    3) (   8,    3) (   0,    2) (   0,    3) (   8,    3) (   0,    2) (   0,    3)
          (   8,    3) (   0,    2) (   0,    3) (   8,    3) (   0,    2) (   0,    3) (   8,    3) (   0,    2) (   0,    3) (   8,    3)
          (   0,    2) (   0,    3) (   8,    3) (   0,    2) (   0,    3) (   8,    3) (   0,    2) (   0,    3) (   8,    3) (   0,    2)
          (   0,    3) (   8,    3) (   0,    2) (   0,    3) (   8,    3) (   0,    2) (   0,    3) (   8,    3) (   0,    2) (   0,    3)
          (   8,    3) (   0,    2) (   0,    3) (   8,    3) (   0,    2) (   0,    3) (   8,    3) (   0,    2) (   0,    3) (   8,    3)
          (   0,    2) (   0,    3) (   8,    3) (   0,    2) (   0,    3) (   8,    3) (   0,    2) (   0,    3) (   8,    3) (   0,    2)
          (   0,    3) (   8,    3) (   0,    2) (   0,    3) (   8,    3) (   0,    2) (   0,    3) (   8,    3) (   0,    2) (   0,    3)
          (   8,    3) (   0,    2) (   0,    3) (   8,    3) (   0,    2) (   0,    3) (   8,    3) (   0,    2) (   0,    3) (   8,    3)
          (   0,    2) (   0,    3) (   8,    3) (   0,    2) (   0,    3) (   8,    3) (   0,    2) (   0,    3) (   8,    3) (   0,    2)
          (   0,    3) (   8,    3) (   0,    2) (   0,    3) (   8,    3) (   0,    2) (   0,    3) (   8,    3) (   0,    2) (   0,    3)
          (   8,    3) (   0,    2) (   0,    3) (   8,    3) (   0,    2) (   0,    3) (   8,    3) (   0,    2) (   0,    3) (   8,    3)
          (   0,    2) (   0,    3) (   8,    3) (   0,    2) (   0,    3) (   8,    3) (   0,    2) (   0,    3) (   8,    3) (   0,    2)
          (   0,    3) (   8,    3) (   0,    2) (   0,    3) (   8,    3) (   0,    2) (   0,    3) (   8,    3) (   0,    2) (   0,    3)
          (   8,    3) (   0,    2) (   0,    3) (   8,    3) (   0,    2) (   0,    3) (   8,    3) (   0,    2) (   0,    3) (   8,    3)
          (   0,    2) (   0,    3) (   8,    3) (   0,    2) (   0,    3) (   8,    3) (   0,    2) (   0,    3) (   8,    3) (   0,    2)
          (   0,    3) (   8,    3) (   0,    2) (   0,    3) (   8,    3) (   0,    2) (   0,    3) (   8,    3) (   0,    2) (   0,    3)
          (   8,    3) (   0,    2) (   0,    3) (   8,    3) (   0,    2) (   0,    3) (   8,    3) (   0,    2) (   0,    3) (   8,    3)
          (   0,    2) (   0,    3) (   8,    3) (   0,    2) (   0,    3) (   8,    3) (   0,    2) (   0,    3) (   8,    3) (   0,    2)
          (   0,    3) (   8,    3) (   0,    2) (   0,    3) (   8,    3) (   0,    2) (   0,    3) (   8,    3) (   0,    2) (   0,    3)
          (   8,    3) (   0,    2) (   0,    3) (   8,    3) (   0,    2) (   0,    3) (   8,    3) (   0,    2) (   0,    3) (   8,    3)
          (   0,    2) (   0,    3) (   8,    3) (   0,    2) (   0,    3) (   8,    3) (   0,    2) (   0,    3) (   8,    3) (   0,    2)
          (   0,    3) (   8,    3) (   0,    2) (   0,    3) (   8,    3) (   0,    2) (   0,    3) (   8,    3) (   0,    2) (   0,    3)
          (   8,    3) (   0,    2) (   0,    3) (   8,    3) (   0,    2) (   0,    3) (   8,    3) (   0,    2) (   0,    3) (   8,    3)
          (   0,    2) (   0,    3) (   8,    3) (   0,    2) (   0,    3) (   8,    3) (   0,    2) (   0,    3) (   8,    3) (   0,    2)
          (   0,    3) (   8,    3) (   0,    2) (   0,    3) (   8,    3) (   0,    2) (   0,    3) (   8,    3) (   0,    2) (   0,    3)
          (   8,    3) (   0,    2) (   0,    3) (   8,    3) (   0,    2) (   0,    3) (   8,    3) (   0,    2) (   0,    3) (   8,    3)
          (   0,    2) (   0,    3) (   8,    3) (   0,    2) (   0,    3) (   8,    3) (   0,    2) (   0,    3) (   8,    3) (   0,    2)
          (   0,    3) (   8,    3) (   0,    2) (   0,    3) (   8,    3) (   0,    2) (   0,    3) (   8,    3) (   0,    2) (   0,    3)
          (   8,    3) (   0,    2) (   0,    3) (   8,    3) (   0,    2) (   0,    3) (   8,    3) (   0,    2) (   0,    3) (   8,    3)
          (   0,    2) (   0,    3) (   8,    3) (   0,    2) (   0,    3) (   8,    3) (   0,    2) (   0,    3) (   8,    3) (   0,    2)
          (   0,    3) (   8,    3) (   0,    2) (   0,    3) (   8,    3) (   0,    2) (   0,    3) (   8,    3) (   0,    2) (   0,    3)
         
node   4 sent_total   1829  recv_total   1827

node   5  (   0,    0) (   1,    0) (   0,    0) (   0,    1) (   0,    1) (   9,    3) (   0,    3) (   0,    3) (   9,    3) (   0,    3)
          (   0,    3) (   9,    3) (   0,    3) (   0,    3) (   9,    3) (   0,    3) (   0,    3) (   9,    3) (   0,    3) (   0,    3)
          (   9,    3) (   0,    3) (   0,    3) (   9,    3) (   0,    3) (   0,    3) (   9,    3) (   0,    3) (   0,    3) (   9,    3)
          (   0,    3) (   0,    3) (   9,    3) (   0,    3) (   0,    3) (   9,    3) (   0,    3) (   0,    3) (   9,    3) (   0,    3)
          (   0,    3) (   9,    3) (   0,    3) (   0,    3) (   9,    3) (   0,    3) (   0,    3) (   9,    3) (   0,    3) (   0,    3)
          (   9,    3) (   0,    3) (   0,    3) (   7,    3) (   0,    3) (   0,    1) (   8,    2) (   0,    3) (   0,    3) (   9,    3)
          (   0,    3) (   0,    3) (   9,    3) (   0,    3) (   0,    2) (   9,    3) (   0,    2) (   0,    3) (   8,    3) (   0,    0)
          (   0,    2) (   8,    3) (   0,    2) (   0,    2) (   8,    2) (   0,    2) (   0,    3) (   9,    3) (   0,    2) (   0,    3)
          (   8,    2) (   0,    3) (   0,    3) (   9,    3) (   0,    3) (   0,    2) (   9,    3) (   0,    3) (   0,    3) (   7,    1)
          (   0,    3) (   0,    2) (   8,    2) (   0,    3) (   0,    2) (   8,    3) (   0,    3) (   0,    2) (   8,    3) (   0,    3)
          (   0,    3) (   0,    0) (   0,    0) (   0,    0) (   0,    0) (   0,    0) (   0,    0) (   0,    0) (   0,    0) (   0,    0)
          (   0,    0) (   0,    0) (   0,    0) (   0,    0) (   0,    0) (   0,    0) (   0,    0) (   0,    0) (   0,    0) (   0,    0)
          (   0,    0) (   0,    0) (   0,    0) (   0,    0) (   0,    0) (   0,    0) (   0,    0) (   0,    0) (   0,    0) (   0,    0)
          (   0,    0) (   0,    0) (   0,    0) (   0,    0) (   0,    0) (   0,    0) (   0,    0) (   0,    0) (   0,    0) (   0,    0)
          (   0,    0) (   0,    0) (   0,    0) (   0,    0) (   0,    0) (   0,    0) (   0,    0) (   0,    0) (   0,    0) (   0,    0)
          (   0,    0) (   0,    0) (   0,    0) (   0,    0) (   0,    0) (   0,    0) (   0,    0) (   0,    0) (   0,    0) (   0,    0)
          (   0,    0) (   0,    0) (   0,    0) (   0,    0) (   0,    0) (   0,    0) (   0,    0) (   0,    0) (   0,    0) (   0,    0)
          (   0,    0) (   0,    0) (   0,    0) (   0,    0) (   0,    0) (   0,    0) (   0,    0) (   0,    0) (   0,    0) (   0,    0)
          (   0,    0) (   0,    0) (   0,    0) (   0,    0) (   0,    0) (   0,    0) (   0,    0) (   0,    0) (   0,    0) (   0,    0)
          (   0,    0) (   0,    0) (   0,    0) (   0,    0) (   0,    0) (   0,    0) (   0,    0) (   0,    0) (   0,    0) (   0,    0)
          (   0,    0) (   0,    0) (   0,    0) (   0,    0) (   0,    0) (   0,    0) (   0,    0) (   0,    0) (   0,    0) (   0,    0)
          (   0,    0) (   0,    0) (   0,    0) (   0,    0) (   0,    0) (   0,    0) (   0,    0) (   0,    0) (   0,    0) (   0,    0)
          (   0,    0) (   0,    0) (   0,    0) (   0,    0) (   0,    0) (   0,    0) (   0,    0) (   0,    0) (   0,    0) (   0,    0)
          (   0,    0) (   0,    0) (   0,    0) (   0,    0) (   0,    0) (   0,    0) (   0,    0) (   0,    0) (   0,    0) (   0,    0)
          (   0,    0) (   0,    0) (   0,    0) (   0,    0) (   0,    0) (   0,    0) (   0,    0) (   0,    0) (   0,    0) (   0,    0)
          (   0,    0) (   0,    0) (   0,    0) (   0,    0) (   0,    0) (   0,    0) (   0,    0) (   0,    0) (   0,    0) (   0,    0)
          (   0,    0) (   0,    0) (   0,    0) (   0,    0) (   0,    0) (   0,    0) (   0,    0) (   0,    0) (   0,    0) (   0,    0)
          (   0,    0) (   0,    0) (   0,    0) (   0,    0) (   0,    0) (   0,    0) (   0,    0) (   0,    0) (   0,    0) (   0,    0)
          (   0,    0) (   0,    0) (   0,    0) (   0,    0) (   0,    0) (   0,    0) (   0,    0) (   0,    0) (   0,    0) (   0,    0)
          (   0,    0) (   0,    0) (   0,    0) (   0,    0) (   0,    0) (   0,    0) (   0,    0) (   0,    0) (   0,    0) (   0,    0)
          (   0,    0) (   0,    0) (   0,    0) (   0,    0) (   0,    0) (   0,    0) (   0,    0) (   0,    0) (   0,    0) (   0,    0)
          (   0,    0) (   0,    0) (   0,    0) (   0,    0) (   0,    0) (   0,    0) (   0,    0) (   0,    0) (   0,    0) (   0,    0)
          (   0,    0) (   0,    0) (   0,    0) (   0,    0) (   0,    0) (   0,    0) (   0,    0) (   0,    0) (   0,    0) (   0,    0)
          (   0,    0) (   0,    0) (   0,    0) (   0,    0) (   0,    0) (   0,    0) (   0,    0) (   0,    0) (   0,    0) (   0,    0)
          (   0,    0) (   0,    0) (   0,    0) (   0,    0) (   0,    0) (   0,    0) (   0,    0) (   0,    0) (   0,    0) (   0,    0)
          (   0,    0) (   0,    0) (   0,    0) (   0,    0) (   0,    0) (   0,    0) (   0,    0) (   0,    0) (   0,    0) (   0,    0)
          (   0,    0) (   0,    0) (   0,    0) (   0,    0) (   0,    0) (   0,    0) (   0,    0) (   0,    0) (   0,    0) (   0,    0)
          (   0,    0) (   0,    0) (   0,    0) (   0,    0) (   0,    0) (   0,    0) (   0,    0) (   0,    0) (   0,    0) (   0,    0)
          (   0,    0) (   0,    0) (   0,    0) (   0,    0) (   0,    0) (   0,    0) (   0,    0) (   0,    0) (   0,    0) (   0,    0)
          (   0,    0) (   0,    0) (   0,    0) (   0,    0) (   0,    0) (   0,    0) (   0,    0) (   0,    0) (   0,    0) (   0,    0)
          (   0,    0) (   0,    0) (   0,    0) (   0,    0) (   0,    0) (   0,    0) (   0,    0) (   0,    0) (   0,    0) (   0,    0)
          (   0,    0) (   0,    0) (   0,    0) (   0,    0) (   0,    0) (   0,    0) (   0,    0) (   0,    0) (   0,    0) (   0,    0)
          (   0,    0) (   0,    0) (   0,    0) (   0,    0) (   0,    0) (   0,    0) (   0,    0) (   0,    0) (   0,    0) (   0,    0)
          (   0,    0) (   0,    0) (   0,    0) (   0,    0) (   0,    0) (   0,    0) (   0,    0) (   0,    0) (   0,    0) (   0,    0)
          (   0,    0) (   0,    0) (   0,    0) (   0,    0) (   0,    0) (   0,    0) (   0,    0) (   0,    0) (   0,    0) (   0,    0)
          (   0,    0) (   0,    0) (   0,    0) (   0,    0) (   0,    0) (   0,    0) (   0,    0) (   0,    0) (   0,    0) (   0,    0)
          (   0,    0) (   0,    0) (   0,    0) (   0,    0) (   0,    0) (   0,    0) (   0,    0) (   0,    0) (   0,    0) (   0,    0)
          (   0,    0) (   0,    0) (   0,    0) (   0,    0) (   0,    0) (   0,    0) (   0,    0) (   0,    0) (   0,    0) (   0,    0)
          (   0,    0) (   0,    0) (   0,    0) (   0,    0) (   0,    0) (   0,    0) (   0,    0) (   0,    0) (   0,    0) (   0,    0)
          (   0,    0) (   0,    0) (   0,    0) (   0,    0) (   0,    0) (   0,    0) (   0,    0) (   0,    0) (   0,    0) (   0,    0)
          (   0,    0) (   0,    0) (   0,    0) (   0,    0) (   0,    0) (   0,    0) (   0,    0) (   0,    0) (   0,    0) (   0,    0)
          (   0,    0) (   0,    0) (   0,    0) (   0,    0) (   0,    0) (   0,    0) (   0,    0) (   0,    0) (   0,    0) (   0,    0)
          (   0,    0) (   0,    0) (   0,    0) (   0,    0) (   0,    0) (   0,    0) (   0,    0) (   0,    0) (   0,    0) (   0,    0)
          (   0,    0) (   0,    0) (   0,    0) (   0,    0) (   0,    0) (   0,    0) (   0,    0) (   0,    0) (   0,    0) (   0,    0)
          (   0,    0) (   0,    0) (   0,    0) (   0,    0) (   0,    0) (   0,    0) (   0,    0) (   0,    0) (   0,    0) (   0,    0)
          (   0,    0) (   0,    0) (   0,    0) (   0,    0) (   0,    0) (   0,    0) (   0,    0) (   0,    0) (   0,    0) (   0,    0)
          (   0,    0) (   0,    0) (   0,    0) (   0,    0) (   0,    0) (   0,    0) (   0,    0) (   0,    0) (   0,    0) (   0,    0)
          (   0,    0) (   0,    0) (   0,    0) (   0,    0) (   0,    0) (   0,    0) (   0,    0) (   0,    0) (   0,    0) (   0,    0)
          (   0,    0) (   0,    0) (   0,    0) (   0,    0) (   0,    0) (   0,    0) (   0,    0) (   0,    0) (   0,    0) (   0,    0)
          (   0,    0) (   0,    0) (   0,    0) (   0,    0) (   0,    0) (   0,    0) (   0,    0) (   0,    0) (   0,    0) (   0,    0)
          (   0,    0) (   0,    0) (   0,    0) (   0,    0) (   0,    0) (   0,    0) (   0,    0) (   0,    0) (   0,    0) (   0,    0)
          (   0,    0) (   0,    0) (   0,    0) (   0,    0) (   0,    0) (   0,    0) (   0,    0) (   0,    0) (   0,    0) (   0,    0)
          (   0,    0) (   0,    0) (   0,    0) (   0,    0) (   0,    0) (   0,    0) (   0,    0) (   0,    0) (   0,    0) (   0,    0)
          (   0,    0) (   0,    0) (   0,    0) (   0,    0) (   0,    0) (   0,    0) (   0,    0) (   0,    0) (   0,    0) (   0,    0)
          (   0,    0) (   0,    0) (   0,    0) (   0,    0) (   0,    0) (   0,    0) (   0,    0) (   0,    0) (   0,    0) (   0,    0)
          (   0,    0) (   0,    0) (   0,    0) (   0,    0) (   0,    0) (   0,    0) (   0,    0) (   0,    0) (   0,    0) (   0,    0)
          (   0,    0) (   0,    0) (   0,    0) (   0,    0) (   0,    0) (   0,    0) (   0,    0) (   0,    0) (   0,    0) (   0,    0)
          (   0,    0) (   0,    0) (   0,    0) (   0,    0) (   0,    0) (   0,    0) (   0,    0) (   0,    0) (   0,    0) (   0,    0)
          (   0,    0) (   0,    0) (   0,    0) (   0,    0) (   0,    0) (   0,    0) (   0,    0) (   0,    0) (   0,    0) (   0,    0)
          (   0,    0) (   0,    0) (   0,    0) (   0,    0) (   0,    0) (   0,    0) (   0,    0) (   0,    0) (   0,    0) (   0,    0)
         
node   5 sent_total    277  recv_total    268

node   6  (   0,    0) (   1,    0) (   0,    0) (   0,    1) (   0,    1) (   9,    3) (   0,    3) (   0,    3) (   9,    3) (   0,    3)
          (   0,    3) (   9,    3) (   0,    3) (   0,    3) (   9,    3) (   0,    3) (   0,    3) (   9,    3) (   0,    3) (   0,    3)
          (   9,    3) (   0,    3) (   0,    3) (   9,    3) (   0,    3) (   0,    3) (   9,    3) (   0,    3) (   0,    3) (   9,    3)
          (   0,    3) (   0,    3) (   9,    3) (   0,    3) (   0,    3) (   9,    3) (   0,    3) (   0,    3) (   9,    3) (   0,    3)
          (   0,    3) (   9,    3) (   0,    3) (   0,    3) (   9,    3) (   0,    3) (   0,    3) (   9,    3) (   0,    3) (   0,    3)
          (   9,    3) (   0,    3) (   0,    3) (   8,    3) (   0,    2) (   0,    3) (   9,    3) (   0,    3) (   0,    2) (   8,    3)
          (   0,    3) (   0,    3) (   9,    3) (   0,    3) (   0,    3) (   8,    3) (   0,    3) (   0,    3) (   8,    3) (   0,    3)
          (   0,    3) (   7,    3) (   0,    3) (   0,    3) (   9,    3) (   0,    3) (   0,    2) (   9,    3) (   0,    3) (   0,    2)
          (   8,    2) (   0,    3) (   0,    3) (   8,    3) (   0,    3) (   0,    3) (   9,    3) (   0,    1) (   0,    3) (   9,    1)
          (   0,    3) (   0,    3) (   9,    3) (   0,    2) (   0,    3) (   8,    3) (   0,    3) (   0,    3) (   8,    3) (   0,    3)
          (   0,    3) (   7,    3) (   0,    2) (   0,    3) (   8,    3) (   0,    2) (   0,    3) (   7,    3) (   0,    1) (   0,    3)
          (   9,    3) (   0,    2) (   0,    2) (   8,    3) (   0,    2) (   0,    3) (   8,    3) (   0,    2) (   0,    3) (   9,    2)
          (   0,    2) (   0,    3) (   6,    3) (   0,    2) (   0,    3) (   7,    3) (   0,    2) (   0,    3) (   7,    3) (   0,    2)
          (   0,    3) (   7,    3) (   0,    2) (   0,    3) (   7,    3) (   0,    2) (   0,    3) (   7,    3) (   0,    1) (   0,    3)
          (   7,    3) (   0,    2) (   0,    2) (   8,    2) (   0,    2) (   0,    3) (   7,    3) (   0,    2) (   0,    3) (   6,    3)
          (   0,    2) (   0,    1) (   7,    3) (   0,    2) (   0,    3) (   7,    3) (   0,    2) (   0,    3) (   7,    3) (   0,    1)
          (   0,    3) (   7,    2) (   0,    2) (   0,    3) (   8,    3) (   0,    2) (   0,    2) (   7,    3) (   0,    2) (   0,    3)
          (   7,    3) (   0,    2) (   0,    3) (   7,    3) (   0,    2) (   0,    3) (   7,    3) (   0,    2) (   0,    2) (   8,    3)
          (   0,    2) (   0,    3) (   8,    2) (   0,    2) (   0,    2) (   7,    3) (   0,    2) (   0,    3) (   6,    3) (   0,    1)
          (   0,    2) (   8,    3) (   0,    1) (   0,    3) (   8,    2) (   0,    2) (   0,    2) (   8,    2) (   0,    2) (   0,    3)
          (   7,    2) (   0,    2) (   0,    2) (   7,    3) (   0,    2) (   0,    3) (   8,    2) (   0,    2) (   0,    3) (   8,    3)
          (   0,    1) (   0,    3) (   8,    2) (   0,    2) (   0,    3) (   7,    2) (   0,    2) (   0,    3) (   6,    2) (   0,    2)
          (   0,    3) (   5,    3) (   0,    2) (   0,    3) (   8,    3) (   0,    2) (   0,    3) (   5,    3) (   0,    2) (   0,    1)
          (   6,    3) (   0,    2) (   0,    3) (   7,    3) (   0,    1) (   0,    3) (   5,    3) (   0,    2) (   0,    3) (   8,    2)
          (   0,    2) (   0,    3) (   6,    3) (   0,    2) (   0,    3) (   8,    2) (   0,    1) (   0,    2) (   6,    3) (   0,    1)
          (   0,    3) (   7,    3) (   0,    2) (   0,    2) (   6,    3) (   0,    2) (   0,    2) (   8,    3) (   0,    2) (   0,    2)
          (   8,    3) (   0,    2) (   0,    3) (   7,    3) (   0,    1) (   0,    3) (   7,    2) (   0,    2) (   0,    3) (   7,    3)
          (   0,    2) (   0,    3) (   8,    3) (   0,    2) (   0,    3) (   8,    3) (   0,    2) (   0,    3) (   6,    2) (   0,    2)
          (   0,    2) (   8,    3) (   0,    2) (   0,    2) (   8,    2) (   0,    2) (   0,    2) (   6,    3) (   0,    2) (   0,    1)
          (   7,    2) (   0,    0) (   0,    3) (   6,    3) (   0,    2) (   0,    3) (   6,    3) (   0,    2) (   0,    2) (   8,    3)
          (   0,    2) (   0,    1) (   8,    3) (   0,    2) (   0,    3) (   8,    3) (   0,    2) (   0,    3) (   8,    3) (   0,    2)
          (   0,    3) (   8,    3) (   0,    2) (   0,    3) (   8,    3) (   0,    2) (   0,    3) (   8,    3) (   0,    2) (   0,    3)
          (   8,    3) (   0,    2) (   0,    3) (   8,    3) (   0,    2) (   0,    3) (   8,    3) (   0,    2) (   0,    3) (   8,    3)
          (   0,    2) (   0,    3) (   8,    3) (   0,    2) (   0,    3) (   8,    3) (   0,    2) (   0,    3) (   8,    3) (   0,    2)
          (   0,    3) (   8,    3) (   0,    2) (   0,    3) (   8,    3) (   0,    2) (   0,    3) (   8,    3) (   0,    2) (   0,    3)
          (   8,    3) (   0,    2) (   0,    3) (   8,    3) (   0,    2) (   0,    3) (   8,    3) (   0,    2) (   0,    3) (   8,    3)
          (   0,    2) (   0,    3) (   8,    3) (   0,    2) (   0,    3) (   8,    3) (   0,    2) (   0,    3) (   8,    3) (   0,    2)
          (   0,    3) (   8,    3) (   0,    2) (   0,    3) (   8,    3) (   0,    2) (   0,    3) (   8,    3) (   0,    2) (   0,    3)
          (   8,    3) (   0,    2) (   0,    3) (   8,    3) (   0,    2) (   0,    3) (   8,    3) (   0,    2) (   0,    3) (   8,    3)
          (   0,    2) (   0,    3) (   8,    3) (   0,    2) (   0,    3) (   8,    3) (   0,    2) (   0,    3) (   8,    3) (   0,    2)
          (   0,    3) (   8,    3) (   0,    2) (   0,    3) (   8,    3) (   0,    2) (   0,    3) (   8,    3) (   0,    2) (   0,    3)
          (   8,    3) (   0,    2) (   0,    3) (   8,    3) (   0,    2) (   0,    3) (   8,    3) (   0,    2) (   0,    3) (   8,    3)
          (   0,    2) (   0,    3) (   8,    3) (   0,    2) (   0,    3) (   8,    3) (   0,    2) (   0,    3) (   8,    3) (   0,    2)
          (   0,    3) (   8,    3) (   0,    2) (   0,    3) (   8,    3) (   0,    2) (   0,    3) (   8,    3) (   0,    2) (   0,    3)
          (   8,    3) (   0,    2) (   0,    3) (   8,    3) (   0,    2) (   0,    3) (   8,    3) (   0,    2) (   0,    3) (   8,    3)
          (   0,    2) (   0,    3) (   8,    3) (   0,    2) (   0,    3) (   8,    3) (   0,    2) (   0,    3) (   8,    3) (   0,    2)
          (   0,    3) (   8,    3) (   0,    2) (   0,    3) (   8,    3) (   0,    2) (   0,    3) (   8,    3) (   0,    2) (   0,    3)
          (   8,    3) (   0,    2) (   0,    3) (   8,    3) (   0,    2) (   0,    3) (   8,    3) (   0,    2) (   0,    3) (   8,    3)
          (   0,    2) (   0,    3) (   8,    3) (   0,    2) (   0,    3) (   8,    3) (   0,    2) (   0,    3) (   8,    3) (   0,    2)
          (   0,    3) (   8,    3) (   0,    2) (   0,    3) (   8,    3) (   0,    2) (   0,    3) (   8,    3) (   0,    2) (   0,    3)
          (   8,    3) (   0,    2) (   0,    3) (   8,    3) (   0,    2) (   0,    3) (   8,    3) (   0,    2) (   0,    3) (   8,    3)
          (   0,    2) (   0,    3) (   8,    3) (   0,    2) (   0,    3) (   8,    3) (   0,    2) (   0,    3) (   8,    3) (   0,    2)
          (   0,    3) (   8,    3) (   0,    2) (   0,    3) (   8,    3) (   0,    2) (   0,    3) (   8,    3) (   0,    2) (   0,    3)
          (   8,    3) (   0,    2) (   0,    3) (   8,    3) (   0,    2) (   0,    3) (   8,    3) (   0,    2) (   0,    3) (   8,    3)
          (   0,    2) (   0,    3) (   8,    3) (   0,    2) (   0,    3) (   8,    3) (   0,    2) (   0,    3) (   8,    3) (   0,    2)
          (   0,    3) (   8,    3) (   0,    2) (   0,    3) (   8,    3) (   0,    2) (   0,    3) (   8,    3) (   0,    2) (   0,    3)
          (   8,    3) (   0,    2) (   0,    3) (   8,    3) (   0,    2) (   0,    3) (   8,    3) (   0,    2) (   0,    3) (   8,    3)
          (   0,    2) (   0,    3) (   8,    3) (   0,    2) (   0,    3) (   8,    3) (   0,    2) (   0,    3) (   8,    3) (   0,    2)
          (   0,    3) (   8,    3) (   0,    2) (   0,    3) (   8,    3) (   0,    2) (   0,    3) (   8,    3) (   0,    2) (   0,    3)
          (   8,    3) (   0,    2) (   0,    3) (   8,    3) (   0,    2) (   0,    3) (   8,    3) (   0,    2) (   0,    3) (   8,    3)
          (   0,    2) (   0,    3) (   8,    3) (   0,    2) (   0,    3) (   8,    3) (   0,    2) (   0,    3) (   8,    3) (   0,    2)
          (   0,    3) (   8,    3) (   0,    2) (   0,    3) (   8,    3) (   0,    2) (   0,    3) (   8,    3) (   0,    2) (   0,    3)
          (   8,    3) (   0,    2) (   0,    3) (   8,    3) (   0,    2) (   0,    3) (   8,    3) (   0,    2) (   0,    3) (   8,    3)
          (   0,    2) (   0,    3) (   8,    3) (   0,    2) (   0,    3) (   8,    3) (   0,    2) (   0,    3) (   8,    3) (   0,    2)
          (   0,    3) (   8,    3) (   0,    2) (   0,    3) (   8,    3) (   0,    2) (   0,    3) (   8,    3) (   0,    2) (   0,    3)
          (   8,    3) (   0,    2) (   0,    3) (   8,    3) (   0,    2) (   0,    3) (   8,    3) (   0,    2) (   0,    3) (   8,    3)
          (   0,    2) (   0,    3) (   8,    3) (   0,    2) (   0,    3) (   8,    3) (   0,    2) (   0,    3) (   8,    3) (   0,    2)
          (   0,    3) (   8,    3) (   0,    2) (   0,    3) (   8,    3) (   0,    2) (   0,    3) (   8,    3) (   0,    2) (   0,    3)
          (   8,    3) (   0,    2) (   0,    3) (   8,    3) (   0,    2) (   0,    3) (   8,    3) (   0,    2) (   0,    3) (   8,    3)
          (   0,    2) (   0,    3) (   8,    3) (   0,    2) (   0,    3) (   8,    3) (   0,    2) (   0,    3) (   8,    3) (   0,    2)
         
node   6 sent_total   1821  recv_total   1824

node   7  (   0,    0) (   1,    0) (   0,    0) (   0,    1) (   0,    1) (   9,    3) (   0,    3) (   0,    3) (   9,    3) (   0,    3)
          (   0,    3) (   9,    3) (   0,    3) (   0,    3) (   9,    3) (   0,    3) (   0,    3) (   9,    3) (   0,    3) (   0,    3)
          (   9,    3) (   0,    3) (   0,    3) (   9,    3) (   0,    3) (   0,    3) (   9,    3) (   0,    3) (   0,    3) (   9,    3)
          (   0,    3) (   0,    3) (   9,    3) (   0,    3) (   0,    3) (   9,    3) (   0,    3) (   0,    3) (   9,    3) (   0,    3)
          (   0,    3) (   9,    3) (   0,    3) (   0,    3) (   9,    3) (   0,    3) (   0,    3) (   9,    3) (   0,    3) (   0,    3)
          (   9,    3) (   0,    3) (   0,    3) (   7,    3) (   0,    3) (   0,    3) (   8,    3) (   0,    3) (   0,    3) (   7,    2)
          (   0,    3) (   0,    3) (   9,    2) (   0,    3) (   0,    2) (   7,    3) (   0,    3) (   0,    3) (   7,    2) (   0,    2)
          (   0,    3) (   9,    3) (   0,    3) (   0,    2) (   6,    3) (   0,    1) (   0,    2) (   8,    2) (   0,    3) (   0,    3)
          (   8,    2) (   0,    2) (   0,    1) (   9,    2) (   0,    3) (   0,    3) (   8,    3) (   0,    3) (   0,    2) (   9,    2)
          (   0,    2) (   0,    3) (   8,    2) (   0,    2) (   0,    2) (   7,    3) (   0,    3) (   0,    3) (   9,    3) (   0,    3)
          (   0,    3) (   9,    3) (   0,    1) (   0,    3) (   9,    2) (   0,    2) (   0,    2) (   8,    3) (   0,    2) (   0,    3)
          (   8,    2) (   0,    1) (   0,    3) (   9,    3) (   0,    1) (   0,    3) (   8,    3) (   0,    2) (   0,    3) (   8,    2)
          (   0,    2) (   0,    2) (   7,    3) (   0,    2) (   0,    3) (   8,    3) (   0,    2) (   0,    3) (   7,    3) (   0,    2)
          (   0,    3) (   8,    3) (   0,    2) (   0,    3) (   6,    3) (   0,    2) (   0,    2) (   5,    3) (   0,    2) (   0,    3)
          (   7,    3) (   0,    2) (   0,    3) (   6,    3) (   0,    2) (   0,    2) (   8,    2) (   0,    1) (   0,    3) (   6,    3)
          (   0,    1) (   0,    3) (   8,    3) (   0,    1) (   0,    3) (   8,    3) (   0,    2) (   0,    3) (   7,    3) (   0,    2)
          (   0,    3) (   7,    3) (   0,    1) (   0,    3) (   8,    3) (   0,    2) (   0,    3) (   7,    2) (   0,    2) (   0,    3)
          (   8,    3) (   0,    2) (   0,    2) (   8,    3) (   0,    1) (   0,    3) (   7,    3) (   0,    2) (   0,    3) (   8,    3)
          (   0,    2) (   0,    2) (   8,    3) (   0,    2) (   0,    3) (   8,    3) (   0,    2) (   0,    3) (   7,    3) (   0,    2)
          (   0,    3) (   6,    3) (   0,    2) (   0,    3) (   8,    2) (   0,    2) (   0,    3) (   8,    3) (   0,    2) (   0,    2)
          (   7,    3) (   0,    2) (   0,    3) (   8,    3) (   0,    2) (   0,    3) (   8,    3) (   0,    2) (   0,    3) (   6,    2)
          (   0,    2) (   0,    3) (   6,    3) (   0,    2) (   0,    3) (   5,    2) (   0,    1) (   0,    3) (   6,    1) (   0,    2)
          (   0,    1) (   6,    3) (   0,    1) (   0,    3) (   7,    3) (   0,    1) (   0,    2) (   8,    3) (   0,    2) (   0,    3)
          (   8,    3) (   0,    2) (   0,    3) (   7,    2) (   0,    2) (   0,    3) (   7,    3) (   0,    2) (   0,    3) (   7,    2)
          (   0,    2) (   0,    2) (   8,    2) (   0,    2) (   0,    3) (   7,    2) (   0,    2) (   0,    3) (   6,    3) (   0,    2)
          (   0,    3) (   8,    3) (   0,    2) (   0,    2) (   7,    3) (   0,    1) (   0,    2) (   8,    2) (   0,    2) (   0,    3)
          (   7,    2) (   0,    2) (   0,    3) (   8,    3) (   0,    2) (   0,    1) (   8,    3) (   0,    2) (   0,    3) (   8,    2)
          (   0,    2) (   0,    3) (   7,    3) (   0,    2) (   0,    2) (   6,    3) (   0,    2) (   0,    3) (   6,    3) (   0,    2)
          (   0,    3) (   7,    2) (   0,    2) (   0,    3) (   7,    3) (   0,    2) (   0,    1) (   8,    3) (   0,    1) (   0,    3)
          (   6,    3) (   0,    2) (   0,    3) (   7,    3) (   0,    1) (   0,    3) (   7,    2) (   0,    2) (   0,    3) (   5,    3)
          (   0,    2) (   0,    3) (   8,    3) (   0,    2) (   0,    3) (   8,    3) (   0,    2) (   0,    3) (   8,    3) (   0,    2)
          (   0,    3) (   8,    3) (   0,    2) (   0,    3) (   8,    3) (   0,    2) (   0,    3) (   8,    3) (   0,    2) (   0,    3)
          (   8,    3) (   0,    2) (   0,    3) (   8,    3) (   0,    2) (   0,    3) (   8,    3) (   0,    2) (   0,    3) (   8,    3)
          (   0,    2) (   0,    3) (   8,    3) (   0,    2) (   0,    3) (   8,    3) (   0,    2) (   0,    3) (   8,    3) (   0,    2)
          (   0,    3) (   8,    3) (   0,    2) (   0,    3) (   8,    3) (   0,    2) (   0,    3) (   8,    3) (   0,    2) (   0,    3)
          (   8,    3) (   0,    2) (   0,    3) (   8,    3) (   0,    2) (   0,    3) (   8,    3) (   0,    2) (   0,    3) (   8,    3)
          (   0,    2) (   0,    3) (   8,    3) (   0,    2) (   0,    3) (   8,    3) (   0,    2) (   0,    3) (   8,    3) (   0,    2)
          (   0,    3) (   8,    3) (   0,    2) (   0,    3) (   8,    3) (   0,    2) (   0,    3) (   8,    3) (   0,    2) (   0,    3)
          (   8,    3) (   0,    2) (   0,    3) (   8,    3) (   0,    2) (   0,    3) (   8,    3) (   0,    2) (   0,    3) (   8,    3)
          (   0,    2) (   0,    3) (   8,    3) (   0,    2) (   0,    3) (   8,    3) (   0,    2) (   0,    3) (   8,    3) (   0,    2)
          (   0,    3) (   8,    3) (   0,    2) (   0,    3) (   8,    3) (   0,    2) (   0,    3) (   8,    3) (   0,    2) (   0,    3)
          (   8,    3) (   0,    2) (   0,    3) (   8,    3) (   0,    2) (   0,    3) (   8,    3) (   0,    2) (   0,    3) (   8,    3)
          (   0,    2) (   0,    3) (   8,    3) (   0,    2) (   0,    3) (   8,    3) (   0,    2) (   0,    3) (   8,    3) (   0,    2)
          (   0,    3) (   8,    3) (   0,    2) (   0,    3) (   8,    3) (   0,    2) (   0,    3) (   8,    3) (   0,    2) (   0,    3)
          (   8,    3) (   0,    2) (   0,    3) (   8,    3) (   0,    2) (   0,    3) (   8,    3) (   0,    2) (   0,    3) (   8,    3)
          (   0,    2) (   0,    3) (   8,    3) (   0,    2) (   0,    3) (   8,    3) (   0,    2) (   0,    3) (   8,    3) (   0,    2)
          (   0,    3) (   8,    3) (   0,    2) (   0,    3) (   8,    3) (   0,    2) (   0,    3) (   8,    3) (   0,    2) (   0,    3)
          (   8,    3) (   0,    2) (   0,    3) (   8,    3) (   0,    2) (   0,    3) (   8,    3) (   0,    2) (   0,    3) (   8,    3)
          (   0,    2) (   0,    3) (   8,    3) (   0,    2) (   0,    3) (   8,    3) (   0,    2) (   0,    3) (   8,    3) (   0,    2)
          (   0,    3) (   8,    3) (   0,    2) (   0,    3) (   8,    3) (   0,    2) (   0,    3) (   8,    3) (   0,    2) (   0,    3)
          (   8,    3) (   0,    2) (   0,    3) (   8,    3) (   0,    2) (   0,    3) (   8,    3) (   0,    2) (   0,    3) (   8,    3)
          (   0,    2) (   0,    3) (   8,    3) (   0,    2) (   0,    3) (   8,    3) (   0,    2) (   0,    3) (   8,    3) (   0,    2)
          (   0,    3) (   8,    3) (   0,    2) (   0,    3) (   8,    3) (   0,    2) (   0,    3) (   8,    3) (   0,    2) (   0,    3)
          (   8,    3) (   0,    2) (   0,    3) (   8,    3) (   0,    2) (   0,    3) (   8,    3) (   0,    2) (   0,    3) (   8,    3)
          (   0,    2) (   0,    3) (   8,    3) (   0,    2) (   0,    3) (   8,    3) (   0,    2) (   0,    3) (   8,    3) (   0,    2)
          (   0,    3) (   8,    3) (   0,    2) (   0,    3) (   8,    3) (   0,    2) (   0,    3) (   8,    3) (   0,    2) (   0,    3)
          (   8,    3) (   0,    2) (   0,    3) (   8,    3) (   0,    2) (   0,    3) (   8,    3) (   0,    2) (   0,    3) (   8,    3)
          (   0,    2) (   0,    3) (   8,    3) (   0,    2) (   0,    3) (   8,    3) (   0,    2) (   0,    3) (   8,    3) (   0,    2)
          (   0,    3) (   8,    3) (   0,    2) (   0,    3) (   8,    3) (   0,    2) (   0,    3) (   8,    3) (   0,    2) (   0,    3)
          (   8,    3) (   0,    2) (   0,    3) (   8,    3) (   0,    2) (   0,    3) (   8,    3) (   0,    2) (   0,    3) (   8,    3)
          (   0,    2) (   0,    3) (   8,    3) (   0,    2) (   0,    3) (   8,    3) (   0,    2) (   0,    3) (   8,    3) (   0,    2)
          (   0,    3) (   8,    3) (   0,    2) (   0,    3) (   8,    3) (   0,    2) (   0,    3) (   8,    3) (   0,    2) (   0,    3)
          (   8,    3) (   0,    2) (   0,    3) (   8,    3) (   0,    2) (   0,    3) (   8,    3) (   0,    2) (   0,    3) (   8,    3)
          (   0,    2) (   0,    3) (   8,    3) (   0,    2) (   0,    3) (   8,    3) (   0,    2) (   0,    3) (   8,    3) (   0,    2)
          (   0,    3) (   8,    3) (   0,    2) (   0,    3) (   8,    3) (   0,    2) (   0,    3) (   8,    3) (   0,    2) (   0,    3)
          (   8,    3) (   0,    2) (   0,    3) (   8,    3) (   0,    2) (   0,    3) (   8,    3) (   0,    2) (   0,    3) (   8,    3)
          (   0,    2) (   0,    3) (   8,    3) (   0,    2) (   0,    3) (   8,    3) (   0,    2) (   0,    3) (   8,    3) (   0,    2)
          (   0,    3) (   8,    3) (   0,    2) (   0,    3) (   8,    3) (   0,    2) (   0,    3) (   8,    3) (   0,    2) (   0,    3)
          (   8,    3) (   0,    2) (   0,    3) (   8,    3) (   0,    2) (   0,    3) (   8,    3) (   0,    2) (   0,    3) (   8,    3)
          (   0,    2) (   0,    3) (   8,    3) (   0,    2) (   0,    3) (   8,    3) (   0,    2) (   0,    3) (   8,    3) (   0,    2)
         
node   7 sent_total   1820  recv_total   1815

node   8  (   0,    0) (   1,    0) (   0,    0) (   0,    1) (   0,    1) (   9,    3) (   0,    3) (   0,    3) (   9,    3) (   0,    3)
          (   0,    3) (   9,    3) (   0,    3) (   0,    3) (   9,    3) (   0,    3) (   0,    3) (   9,    3) (   0,    3) (   0,    3)
          (   9,    3) (   0,    3) (   0,    3) (   9,    3) (   0,    3) (   0,    3) (   9,    3) (   0,    3) (   0,    3) (   9,    3)
          (   0,    3) (   0,    3) (   9,    3) (   0,    3) (   0,    3) (   9,    3) (   0,    3) (   0,    3) (   9,    3) (   0,    3)
          (   0,    3) (   9,    3) (   0,    3) (   0,    3) (   9,    3) (   0,    3) (   0,    3) (   9,    3) (   0,    3) (   0,    3)
          (   9,    3) (   0,    3) (   0,    3) (   8,    3) (   0,    3) (   0,    2) (   9,    3) (   0,    3) (   0,    3) (   8,    3)
          (   0,    2) (   0,    3) (   8,    3) (   0,    3) (   0,    2) (   9,    3) (   0,    3) (   0,    3) (   8,    3) (   0,    3)
          (   0,    3) (   8,    3) (   0,    2) (   0,    3) (   6,    3) (   0,    2) (   0,    1) (   9,    3) (   0,    3) (   0,    3)
          (   8,    3) (   0,    2) (   0,    3) (   9,    3) (   0,    3) (   0,    3) (   7,    2) (   0,    3) (   0,    3) (   9,    3)
          (   0,    3) (   0,    3) (   7,    2) (   0,    2) (   0,    3) (   8,    3) (   0,    3) (   0,    3) (   9,    3) (   0,    3)
          (   0,    3) (   9,    2) (   0,    2) (   0,    2) (   8,    3) (   0,    2) (   0,    3) (   8,    3) (   0,    1) (   0,    3)
          (   8,    2) (   0,    2) (   0,    2) (   8,    2) (   0,    2) (   0,    3) (   7,    3) (   0,    2) (   0,    3) (   9,    3)
          (   0,    2) (   0,    3) (   8,    3) (   0,    2) (   0,    3) (   8,    3) (   0,    2) (   0,    2) (   5,    3) (   0,    0)
          (   0,    3) (   8,    2) (   0,    2) (   0,    2) (   8,    3) (   0,    2) (   0,    3) (   7,    2) (   0,    1) (   0,    3)
          (   6,    3) (   0,    2) (   0,    2) (   8,    3) (   0,    1) (   0,    3) (   7,    2) (   0,    2) (   0,    2) (   8,    3)
          (   0,    2) (   0,    2) (   5,    3) (   0,    2) (   0,    3) (   7,    3) (   0,    2) (   0,    3) (   6,    3) (   0,    1)
          (   0,    3) (   8,    3) (   0,    2) (   0,    3) (   8,    3) (   0,    2) (   0,    3) (   8,    3) (   0,    2) (   0,    2)
          (   7,    2) (   0,    2) (   0,    3) (   8,    3) (   0,    2) (   0,    3) (   8,    2) (   0,    2) (   0,    3) (   6,    3)
          (   0,    2) (   0,    3) (   8,    1) (   0,    2) (   0,    3) (   8,    3) (   0,    2) (   0,    3) (   7,    2) (   0,    2)
          (   0,    3) (   8,    3) (   0,    2) (   0,    3) (   8,    2) (   0,    2) (   0,    1) (   8,    3) (   0,    2) (   0,    3)
          (   5,    3) (   0,    1) (   0,    3) (   7,    3) (   0,    2) (   0,    3) (   8,    2) (   0,    2) (   0,    2) (   8,    3)
          (   0,    2) (   0,    2) (   6,    3) (   0,    1) (   0,    3) (   7,    3) (   0,    2) (   0,    3) (   7,    3) (   0,    2)
          (   0,    2) (   8,    2) (   0,    1) (   0,    2) (   7,    3) (   0,    2) (   0,    2) (   7,    3) (   0,    1) (   0,    1)
          (   7,    3) (   0,    2) (   0,    3) (   6,    3) (   0,    1) (   0,    3) (   8,    3) (   0,    1) (   0,    3) (   7,    3)
          (   0,    1) (   0,    2) (   8,    3) (   0,    2) (   0,    2) (   6,    3) (   0,    2) (   0,    3) (   6,    3) (   0,    1)
          (   0,    2) (   8,    3) (   0,    2) (   0,    3) (   8,    3) (   0,    2) (   0,    3) (   7,    3) (   0,    2) (   0,    3)
          (   7,    3) (   0,    2) (   0,    3) (   6,    3) (   0,    2) (   0,    2) (   8,    3) (   0,    2) (   0,    2) (   8,    2)
          (   0,    1) (   0,    3) (   8,    2) (   0,    1) (   0,    1) (   8,    2) (   0,    1) (   0,    3) (   7,    2) (   0,    2)
          (   0,    3) (   8,    2) (   0,    2) (   0,    3) (   7,    1) (   0,    2) (   0,    3) (   7,    3) (   0,    2) (   0,    3)
          (   7,    3) (   0,    1) (   0,    3) (   8,    2) (   0,    1) (   0,    3) (   7,    3) (   0,    0) (   0,    3) (   7,    3)
          (   0,    2) (   0,    3) (   8,    3) (   0,    2) (   0,    3) (   8,    3) (   0,    2) (   0,    3) (   8,    3) (   0,    2)
          (   0,    3) (   8,    3) (   0,    2) (   0,    3) (   8,    3) (   0,    2) (   0,    3) (   8,    3) (   0,    2) (   0,    3)
          (   8,    3) (   0,    2) (   0,    3) (   8,    3) (   0,    2) (   0,    3) (   8,    3) (   0,    2) (   0,    3) (   8,    3)
          (   0,    2) (   0,    3) (   8,    3) (   0,    2) (   0,    3) (   8,    3) (   0,    2) (   0,    3) (   8,    3) (   0,    2)
          (   0,    3) (   8,    3) (   0,    2) (   0,    3) (   8,    3) (   0,    2) (   0,    3) (   8,    3) (   0,    2) (   0,    3)
          (   8,    3) (   0,    2) (   0,    3) (   8,    3) (   0,    2) (   0,    3) (   8,    3) (   0,    2) (   0,    3) (   8,    3)
          (   0,    2) (   0,    3) (   8,    3) (   0,    2) (   0,    3) (   8,    3) (   0,    2) (   0,    3) (   8,    3) (   0,    2)
          (   0,    3) (   8,    3) (   0,    2) (   0,    3) (   8,    3) (   0,    2) (   0,    3) (   8,    3) (   0,    2) (   0,    3)
          (   8,    3) (   0,    2) (   0,    3) (   8,    3) (   0,    2) (   0,    3) (   8,    3) (   0,    2) (   0,    3) (   8,    3)
          (   0,    2) (   0,    3) (   8,    3) (   0,    2) (   0,    3) (   8,    3) (   0,    2) (   0,    3) (   8,    3) (   0,    2)
          (   0,    3) (   8,    3) (   0,    2) (   0,    3) (   8,    3) (   0,    2) (   0,    3) (   8,    3) (   0,    2) (   0,    3)
          (   8,    3) (   0,    2) (   0,    3) (   8,    3) (   0,    2) (   0,    3) (   8,    3) (   0,    2) (   0,    3) (   8,    3)
          (   0,    2) (   0,    3) (   8,    3) (   0,    2) (   0,    3) (   8,    3) (   0,    2) (   0,    3) (   8,    3) (   0,    2)
          (   0,    3) (   8,    3) (   0,    2) (   0,    3) (   8,    3) (   0,    2) (   0,    3) (   8,    3) (   0,    2) (   0,    3)
          (   8,    3) (   0,    2) (   0,    3) (   8,    3) (   0,    2) (   0,    3) (   8,    3) (   0,    2) (   0,    3) (   8,    3)
          (   0,    2) (   0,    3) (   8,    3) (   0,    2) (   0,    3) (   8,    3) (   0,    2) (   0,    3) (   8,    3) (   0,    2)
          (   0,    3) (   8,    3) (   0,    2) (   0,    3) (   8,    3) (   0,    2) (   0,    3) (   8,    3) (   0,    2) (   0,    3)
          (   8,    3) (   0,    2) (   0,    3) (   8,    3) (   0,    2) (   0,    3) (   8,    3) (   0,    2) (   0,    3) (   8,    3)
          (   0,    2) (   0,    3) (   8,    3) (   0,    2) (   0,    3) (   8,    3) (   0,    2) (   0,    3) (   8,    3) (   0,    2)
          (   0,    3) (   8,    3) (   0,    2) (   0,    3) (   8,    3) (   0,    2) (   0,    3) (   8,    3) (   0,    2) (   0,    3)
          (   8,    3) (   0,    2) (   0,    3) (   8,    3) (   0,    2) (   0,    3) (   8,    3) (   0,    2) (   0,    3) (   8,    3)
          (   0,    2) (   0,    3) (   8,    3) (   0,    2) (   0,    3) (   8,    3) (   0,    2) (   0,    3) (   8,    3) (   0,    2)
          (   0,    3) (   8,    3) (   0,    2) (   0,    3) (   8,    3) (   0,    2) (   0,    3) (   8,    3) (   0,    2) (   0,    3)
          (   8,    3) (   0,    2) (   0,    3) (   8,    3) (   0,    2) (   0,    3) (   8,    3) (   0,    2) (   0,    3) (   8,    3)
          (   0,    2) (   0,    3) (   8,    3) (   0,    2) (   0,    3) (   8,    3) (   0,    2) (   0,    3) (   8,    3) (   0,    2)
          (   0,    3) (   8,    3) (   0,    2) (   0,    3) (   8,    3) (   0,    2) (   0,    3) (   8,    3) (   0,    2) (   0,    3)
          (   8,    3) (   0,    2) (   0,    3) (   8,    3) (   0,    2) (   0,    3) (   8,    3) (   0,    2) (   0,    3) (   8,    3)
          (   0,    2) (   0,    3) (   8,    3) (   0,    2) (   0,    3) (   8,    3) (   0,    2) (   0,    3) (   8,    3) (   0,    2)
          (   0,    3) (   8,    3) (   0,    2) (   0,    3) (   8,    3) (   0,    2) (   0,    3) (   8,    3) (   0,    2) (   0,    3)
          (   8,    3) (   0,    2) (   0,    3) (   8,    3) (   0,    2) (   0,    3) (   8,    3) (   0,    2) (   0,    3) (   8,    3)
          (   0,    2) (   0,    3) (   8,    3) (   0,    2) (   0,    3) (   8,    3) (   0,    2) (   0,    3) (   8,    3) (   0,    2)
          (   0,    3) (   8,    3) (   0,    2) (   0,    3) (   8,    3) (   0,    2) (   0,    3) (   8,    3) (   0,    2) (   0,    3)
          (   8,    3) (   0,    2) (   0,    3) (   8,    3) (   0,    2) (   0,    3) (   8,    3) (   0,    2) (   0,    3) (   8,    3)
          (   0,    2) (   0,    3) (   8,    3) (   0,    2) (   0,    3) (   8,    3) (   0,    2) (   0,    3) (   8,    3) (   0,    2)
          (   0,    3) (   8,    3) (   0,    2) (   0,    3) (   8,    3) (   0,    2) (   0,    3) (   8,    3) (   0,    2) (   0,    3)
          (   8,    3) (   0,    2) (   0,    3) (   8,    3) (   0,    2) (   0,    3) (   8,    3) (   0,    2) (   0,    3) (   8,    3)
          (   0,    2) (   0,    3) (   8,    3) (   0,    2) (   0,    3) (   8,    3) (   0,    2) (   0,    3) (   8,    3) (   0,    2)
          (   0,    3) (   8,    3) (   0,    2) (   0,    3) (   8,    3) (   0,    2) (   0,    3) (   8,    3) (   0,    2) (   0,    3)
          (   8,    3) (   0,    2) (   0,    3) (   8,    3) (   0,    2) (   0,    3) (   8,    3) (   0,    2) (   0,    3) (   8,    3)
          (   0,    2) (   0,    3) (   8,    3) (   0,    2) (   0,    3) (   8,    3) (   0,    2) (   0,    3) (   8,    3) (   0,    2)
         
node   8 sent_total   1831  recv_total   1809

node   9  (   0,    0) (   0,    0) (   1,    0) (   0,    0) (   0,    2) (   0,    3) (   9,    4) (   0,    2) (   0,    3) (   9,    4)
          (   0,    2) (   0,    3) (   9,    4) (   0,    2) (   0,    3) (   9,    4) (   0,    2) (   0,    3) (   9,    4) (   0,    2)
          (   0,    3) (   9,    4) (   0,    2) (   0,    3) (   9,    4) (   0,    2) (   0,    3) (   9,    4) (   0,    2) (   0,    3)
          (   9,    4) (   0,    2) (   0,    3) (   9,    4) (   0,    2) (   0,    3) (   9,    4) (   0,    2) (   0,    3) (   9,    4)
          (   0,    2) (   0,    3) (   9,    4) (   0,    2) (   0,    3) (   9,    4) (   0,    2) (   0,    3) (   9,    4) (   0,    2)
          (   0,    3) (   9,    4) (   0,    2) (   0,    3) (   8,    2) (   0,    1) (   0,    3) (   8,    4) (   0,    2) (   0,    1)
          (   7,    4) (   0,    1) (   0,    3) (   8,    4) (   0,    2) (   0,    2) (   9,    4) (   0,    1) (   0,    1) (   8,    4)
          (   0,    1) (   0,    3) (   9,    2) (   0,    1) (   0,    2) (   8,    2) (   0,    2) (   0,    2) (   7,    4) (   0,    2)
          (   0,    2) (   7,    3) (   0,    2) (   0,    3) (   8,    3) (   0,    2) (   0,    3) (   8,    4) (   0,    2) (   0,    3)
          (   7,    4) (   0,    2) (   0,    3) (   7,    4) (   0,    2) (   0,    3) (   9,    3) (   0,    2) (   0,    3) (   9,    4)
          (   0,    2) (   0,    2) (   8,    3) (   0,    2) (   0,    3) (   9,    3) (   0,    2) (   0,    2) (   9,    3) (   0,    1)
          (   0,    2) (   8,    3) (   0,    2) (   0,    2) (   9,    2) (   0,    2) (   0,    3) (   8,    3) (   0,    2) (   0,    2)
          (   9,    3) (   0,    2) (   0,    2) (   7,    3) (   0,    1) (   0,    3) (   7,    3) (   0,    2) (   0,    2) (   7,    2)
          (   0,    2) (   0,    3) (   8,    2) (   0,    2) (   0,    3) (   8,    2) (   0,    2) (   0,    3) (   7,    2) (   0,    2)
          (   0,    2) (   6,    3) (   0,    2) (   0,    3) (   7,    3) (   0,    2) (   0,    2) (   7,    3) (   0,    2) (   0,    2)
          (   8,    2) (   0,    2) (   0,    3) (   8,    3) (   0,    2) (   0,    2) (   7,    3) (   0,    1) (   0,    3) (   8,    3)
          (   0,    2) (   0,    3) (   7,    3) (   0,    2) (   0,    3) (   8,    3) (   0,    2) (   0,    3) (   7,    2) (   0,    2)
          (   0,    3) (   8,    3) (   0,    2) (   0,    3) (   8,    3) (   0,    2) (   0,    3) (   7,    2) (   0,    2) (   0,    2)
          (   8,    3) (   0,    2) (   0,    3) (   7,    3) (   0,    2) (   0,    3) (   7,    3) (   0,    2) (   0,    3) (   7,    3)
          (   0,    2) (   0,    3) (   8,    3) (   0,    2) (   0,    3) (   7,    3) (   0,    2) (   0,    2) (   7,    3) (   0,    2)
          (   0,    3) (   8,    3) (   0,    2) (   0,    2) (   7,    3) (   0,    2) (   0,    3) (   7,    3) (   0,    1) (   0,    3)
          (   7,    2) (   0,    2) (   0,    3) (   7,    3) (   0,    2) (   0,    2) (   8,    2) (   0,    2) (   0,    3) (   7,    0)
          (   0,    2) (   0,    3) (   8,    2) (   0,    2) (   0,    3) (   8,    3) (   0,    1) (   0,    3) (   7,    2) (   0,    2)
          (   0,    3) (   7,    3) (   0,    2) (   0,    3) (   8,    3) (   0,    2) (   0,    3) (   8,    3) (   0,    2) (   0,    3)
          (   7,    3) (   0,    2) (   0,    2) (   6,    3) (   0,    2) (   0,    3) (   7,    3) (   0,    2) (   0,    3) (   7,    3)
          (   0,    2) (   0,    2) (   7,    3) (   0,    2) (   0,    3) (   7,    3) (   0,    2) (   0,    2) (   8,    3) (   0,    1)
          (   0,    3) (   8,    2) (   0,    2) (   0,    3) (   4,    2) (   0,    1) (   0,    3) (   8,    3) (   0,    1) (   0,    3)
          (   8,    3) (   0,    2) (   0,    3) (   6,    3) (   0,    2) (   0,    3) (   8,    3) (   0,    1) (   0,    2) (   7,    1)
          (   0,    2) (   0,    3) (   8,    3) (   0,    2) (   0,    3) (   7,    3) (   0,    2) (   0,    3) (   5,    3) (   0,    2)
          (   0,    2) (   8,    3) (   0,    2) (   0,    2) (   8,    3) (   0,    2) (   0,    2) (   8,    3) (   0,    2) (   0,    2)
          (   8,    2) (   0,    2) (   0,    3) (   8,    3) (   0,    2) (   0,    3) (   8,    3) (   0,    2) (   0,    3) (   8,    3)
          (   0,    2) (   0,    3) (   8,    3) (   0,    2) (   0,    3) (   8,    3) (   0,    2) (   0,    3) (   8,    3) (   0,    2)
          (   0,    3) (   8,    3) (   0,    2) (   0,    3) (   8,    3) (   0,    2) (   0,    3) (   8,    3) (   0,    2) (   0,    3)
          (   8,    3) (   0,    2) (   0,    3) (   8,    3) (   0,    2) (   0,    3) (   8,    3) (   0,    2) (   0,    3) (   8,    3)
          (   0,    2) (   0,    3) (   8,    3) (   0,    2) (   0,    3) (   8,    3) (   0,    2) (   0,    3) (   8,    3) (   0,    2)
          (   0,    3) (   8,    3) (   0,    2) (   0,    3) (   8,    3) (   0,    2) (   0,    3) (   8,    3) (   0,    2) (   0,    3)
          (   8,    3) (   0,    2) (   0,    3) (   8,    3) (   0,    2) (   0,    3) (   8,    3) (   0,    2) (   0,    3) (   8,    3)
          (   0,    2) (   0,    3) (   8,    3) (   0,    2) (   0,    3) (   8,    3) (   0,    2) (   0,    3) (   8,    3) (   0,    2)
          (   0,    3) (   8,    3) (   0,    2) (   0,    3) (   8,    3) (   0,    2) (   0,    3) (   8,    3) (   0,    2) (   0,    3)
          (   8,    3) (   0,    2) (   0,    3) (   8,    3) (   0,    2) (   0,    3) (   8,    3) (   0,    2) (   0,    3) (   8,    3)
          (   0,    2) (   0,    3) (   8,    3) (   0,    2) (   0,    3) (   8,    3) (   0,    2) (   0,    3) (   8,    3) (   0,    2)
          (   0,    3) (   8,    3) (   0,    2) (   0,    3) (   8,    3) (   0,    2) (   0,    3) (   8,    3) (   0,    2) (   0,    3)
          (   8,    3) (   0,    2) (   0,    3) (   8,    3) (   0,    2) (   0,    3) (   8,    3) (   0,    2) (   0,    3) (   8,    3)
          (   0,    2) (   0,    3) (   8,    3) (   0,    2) (   0,    3) (   8,    3) (   0,    2) (   0,    3) (   8,    3) (   0,    2)
          (   0,    3) (   8,    3) (   0,    2) (   0,    3) (   8,    3) (   0,    2) (   0,    3) (   8,    3) (   0,    2) (   0,    3)
          (   8,    3) (   0,    2) (   0,    3) (   8,    3) (   0,    2) (   0,    3) (   8,    3) (   0,    2) (   0,    3) (   8,    3)
          (   0,    2) (   0,    3) (   8,    3) (   0,    2) (   0,    3) (   8,    3) (   0,    2) (   0,    3) (   8,    3) (   0,    2)
          (   0,    3) (   8,    3) (   0,    2) (   0,    3) (   8,    3) (   0,    2) (   0,    3) (   8,    3) (   0,    2) (   0,    3)
          (   8,    3) (   0,    2) (   0,    3) (   8,    3) (   0,    2) (   0,    3) (   8,    3) (   0,    2) (   0,    3) (   8,    3)
          (   0,    2) (   0,    3) (   8,    3) (   0,    2) (   0,    3) (   8,    3) (   0,    2) (   0,    3) (   8,    3) (   0,    2)
          (   0,    3) (   8,    3) (   0,    2) (   0,    3) (   8,    3) (   0,    2) (   0,    3) (   8,    3) (   0,    2) (   0,    3)
          (   8,    3) (   0,    2) (   0,    3) (   8,    3) (   0,    2) (   0,    3) (   8,    3) (   0,    2) (   0,    3) (   8,    3)
          (   0,    2) (   0,    3) (   8,    3) (   0,    2) (   0,    3) (   8,    3) (   0,    2) (   0,    3) (   8,    3) (   0,    2)
          (   0,    3) (   8,    3) (   0,    2) (   0,    3) (   8,    3) (   0,    2) (   0,    3) (   8,    3) (   0,    2) (   0,    3)
          (   8,    3) (   0,    2) (   0,    3) (   8,    3) (   0,    2) (   0,    3) (   8,    3) (   0,    2) (   0,    3) (   8,    3)
          (   0,    2) (   0,    3) (   8,    3) (   0,    2) (   0,    3) (   8,    3) (   0,    2) (   0,    3) (   8,    3) (   0,    2)
          (   0,    3) (   8,    3) (   0,    2) (   0,    3) (   8,    3) (   0,    2) (   0,    3) (   8,    3) (   0,    2) (   0,    3)
          (   8,    3) (   0,    2) (   0,    3) (   8,    3) (   0,    2) (   0,    3) (   8,    3) (   0,    2) (   0,    3) (   8,    3)
          (   0,    2) (   0,    3) (   8,    3) (   0,    2) (   0,    3) (   8,    3) (   0,    2) (   0,    3) (   8,    3) (   0,    2)
          (   0,    3) (   8,    3) (   0,    2) (   0,    3) (   8,    3) (   0,    2) (   0,    3) (   8,    3) (   0,    2) (   0,    3)
          (   8,    3) (   0,    2) (   0,    3) (   8,    3) (   0,    2) (   0,    3) (   8,    3) (   0,    2) (   0,    3) (   8,    3)
          (   0,    2) (   0,    3) (   8,    3) (   0,    2) (   0,    3) (   8,    3) (   0,    2) (   0,    3) (   8,    3) (   0,    2)
          (   0,    3) (   8,    3) (   0,    2) (   0,    3) (   8,    3) (   0,    2) (   0,    3) (   8,    3) (   0,    2) (   0,    3)
          (   8,    3) (   0,    2) (   0,    3) (   8,    3) (   0,    2) (   0,    3) (   8,    3) (   0,    2) (   0,    3) (   8,    3)
          (   0,    2) (   0,    3) (   8,    3) (   0,    2) (   0,    3) (   8,    3) (   0,    2) (   0,    3) (   8,    3) (   0,    2)
          (   0,    3) (   8,    3) (   0,    2) (   0,    3) (   8,    3) (   0,    2) (   0,    3) (   8,    3) (   0,    2) (   0,    3)
          (   8,    3) (   0,    2) (   0,    3) (   8,    3) (   0,    2) (   0,    3) (   8,    3) (   0,    2) (   0,    3) (   8,    3)
          (   0,    2) (   0,    3) (   8,    3) (   0,    2) (   0,    3) (   8,    3) (   0,    2) (   0,    3) (   8,    3) (   0,    2)
          (   0,    3) (   8,    3) (   0,    2) (   0,    3) (   8,    3) (   0,    2) (   0,    3) (   8,    3) (   0,    2) (   0,    3)
          (   8,    3) (   0,    2) (   0,    3) (   8,    3) (   0,    2) (   0,    3) (   8,    3) (   0,    2) (   0,    3) (   8,    3)
         
node   9 sent_total   1834  recv_total   1814

node  10  (   0,    0) (   0,    0) (   1,    0) (   0,    0) (   0,    2) (   0,    3) (   9,    4) (   0,    2) (   0,    3) (   9,    4)
          (   0,    2) (   0,    3) (   9,    4) (   0,    2) (   0,    3) (   9,    4) (   0,    2) (   0,    3) (   9,    4) (   0,    2)
          (   0,    3) (   9,    4) (   0,    2) (   0,    3) (   9,    4) (   0,    2) (   0,    3) (   9,    4) (   0,    2) (   0,    3)
          (   9,    4) (   0,    2) (   0,    3) (   9,    4) (   0,    2) (   0,    3) (   9,    4) (   0,    2) (   0,    3) (   9,    4)
          (   0,    2) (   0,    3) (   9,    4) (   0,    2) (   0,    3) (   9,    4) (   0,    2) (   0,    3) (   9,    4) (   0,    2)
          (   0,    3) (   9,    4) (   0,    2) (   0,    3) (   7,    3) (   0,    2) (   0,    2) (   8,    4) (   0,    2) (   0,    3)
          (   8,    3) (   0,    2) (   0,    2) (   8,    3) (   0,    2) (   0,    3) (   8,    3) (   0,    2) (   0,    2) (   7,    4)
          (   0,    1) (   0,    3) (   6,    4) (   0,    2) (   0,    3) (   6,    4) (   0,    2) (   0,    3) (   9,    4) (   0,    2)
          (   0,    3) (   8,    4) (   0,    1) (   0,    3) (   7,    4) (   0,    2) (   0,    3) (   9,    4) (   0,    2) (   0,    2)
          (   8,    4) (   0,    2) (   0,    3) (   8,    3) (   0,    2) (   0,    3) (   8,    2) (   0,    2) (   0,    2) (   7,    4)
          (   0,    2) (   0,    2) (   9,    2) (   0,    2) (   0,    2) (   8,    3) (   0,    2) (   0,    3) (   9,    2) (   0,    2)
          (   0,    3) (   8,    3) (   0,    2) (   0,    2) (   9,    3) (   0,    2) (   0,    3) (   9,    3) (   0,    2) (   0,    2)
          (   8,    3) (   0,    2) (   0,    3) (   8,    2) (   0,    2) (   0,    3) (   5,    3) (   0,    2) (   0,    3) (   7,    3)
          (   0,    2) (   0,    3) (   7,    3) (   0,    2) (   0,    3) (   7,    3) (   0,    2) (   0,    3) (   8,    3) (   0,    1)
          (   0,    3) (   8,    2) (   0,    0) (   0,    3) (   8,    3) (   0,    0) (   0,    3) (   6,    3) (   0,    2) (   0,    3)
          (   6,    2) (   0,    2) (   0,    3) (   8,    3) (   0,    2) (   0,    3) (   8,    3) (   0,    1) (   0,    3) (   8,    2)
          (   0,    2) (   0,    3) (   8,    3) (   0,    2) (   0,    2) (   8,    3) (   0,    2) (   0,    3) (   7,    2) (   0,    2)
          (   0,    3) (   8,    3) (   0,    1) (   0,    3) (   8,    3) (   0,    1) (   0,    3) (   7,    2) (   0,    1) (   0,    3)
          (   7,    3) (   0,    2) (   0,    3) (   8,    3) (   0,    2) (   0,    3) (   6,    3) (   0,    2) (   0,    2) (   8,    3)
          (   0,    2) (   0,    2) (   8,    2) (   0,    2) (   0,    2) (   7,    3) (   0,    2) (   0,    2) (   8,    3) (   0,    2)
          (   0,    3) (   7,    3) (   0,    1) (   0,    3) (   8,    3) (   0,    2) (   0,    3) (   7,    3) (   0,    2) (   0,    3)
          (   8,    3) (   0,    1) (   0,    3) (   7,    3) (   0,    2) (   0,    2) (   7,    3) (   0,    2) (   0,    2) (   6,    3)
          (   0,    2) (   0,    3) (   8,    2) (   0,    2) (   0,    3) (   7,    3) (   0,    2) (   0,    3) (   6,    3) (   0,    2)
          (   0,    3) (   7,    2) (   0,    1) (   0,    3) (   8,    2) (   0,    2) (   0,    2) (   8,    3) (   0,    2) (   0,    3)
          (   7,    3) (   0,    2) (   0,    3) (   7,    3) (   0,    1) (   0,    3) (   8,    3) (   0,    2) (   0,    3) (   8,    3)
          (   0,    2) (   0,    3) (   6,    3) (   0,    2) (   0,    2) (   6,    2) (   0,    1) (   0,    3) (   6,    3) (   0,    2)
          (   0,    2) (   8,    2) (   0,    2) (   0,    3) (   8,    3) (   0,    2) (   0,    3) (   7,    3) (   0,    2) (   0,    3)
          (   8,    3) (   0,    2) (   0,    2) (   7,    3) (   0,    2) (   0,    2) (   7,    3) (   0,    2) (   0,    2) (   6,    3)
          (   0,    2) (   0,    3) (   5,    3) (   0,    2) (   0,    3) (   6,    3) (   0,    2) (   0,    3) (   7,    3) (   0,    1)
          (   0,    2) (   7,    3) (   0,    2) (   0,    3) (   8,    3) (   0,    2) (   0,    3) (   7,    3) (   0,    2) (   0,    3)
          (   6,    3) (   0,    2) (   0,    3) (   8,    3) (   0,    2) (   0,    3) (   8,    3) (   0,    2) (   0,    3) (   8,    3)
          (   0,    2) (   0,    3) (   8,    3) (   0,    2) (   0,    3) (   8,    3) (   0,    2) (   0,    3) (   8,    3) (   0,    2)
          (   0,    3) (   8,    3) (   0,    2) (   0,    3) (   8,    3) (   0,    2) (   0,    3) (   8,    3) (   0,    2) (   0,    3)
          (   8,    3) (   0,    2) (   0,    3) (   8,    3) (   0,    2) (   0,    3) (   8,    3) (   0,    2) (   0,    3) (   8,    3)
          (   0,    2) (   0,    3) (   8,    3) (   0,    2) (   0,    3) (   8,    3) (   0,    2) (   0,    3) (   8,    3) (   0,    2)
          (   0,    3) (   8,    3) (   0,    2) (   0,    3) (   8,    3) (   0,    2) (   0,    3) (   8,    3) (   0,    2) (   0,    3)
          (   8,    3) (   0,    2) (   0,    3) (   8,    3) (   0,    2) (   0,    3) (   8,    3) (   0,    2) (   0,    3) (   8,    3)
          (   0,    2) (   0,    3) (   8,    3) (   0,    2) (   0,    3) (   8,    3) (   0,    2) (   0,    3) (   8,    3) (   0,    2)
          (   0,    3) (   8,    3) (   0,    2) (   0,    3) (   8,    3) (   0,    2) (   0,    3) (   8,    3) (   0,    2) (   0,    3)
          (   8,    3) (   0,    2) (   0,    3) (   8,    3) (   0,    2) (   0,    3) (   8,    3) (   0,    2) (   0,    3) (   8,    3)
          (   0,    2) (   0,    3) (   8,    3) (   0,    2) (   0,    3) (   8,    3) (   0,    2) (   0,    3) (   8,    3) (   0,    2)
          (   0,    3) (   8,    3) (   0,    2) (   0,    3) (   8,    3) (   0,    2) (   0,    3) (   8,    3) (   0,    2) (   0,    3)
          (   8,    3) (   0,    2) (   0,    3) (   8,    3) (   0,    2) (   0,    3) (   8,    3) (   0,    2) (   0,    3) (   8,    3)
          (   0,    2) (   0,    3) (   8,    3) (   0,    2) (   0,    3) (   8,    3) (   0,    2) (   0,    3) (   8,    3) (   0,    2)
          (   0,    3) (   8,    3) (   0,    2) (   0,    3) (   8,    3) (   0,    2) (   0,    3) (   8,    3) (   0,    2) (   0,    3)
          (   8,    3) (   0,    2) (   0,    3) (   8,    3) (   0,    2) (   0,    3) (   8,    3) (   0,    2) (   0,    3) (   8,    3)
          (   0,    2) (   0,    3) (   8,    3) (   0,    2) (   0,    3) (   8,    3) (   0,    2) (   0,    3) (   8,    3) (   0,    2)
          (   0,    3) (   8,    3) (   0,    2) (   0,    3) (   8,    3) (   0,    2) (   0,    3) (   8,    3) (   0,    2) (   0,    3)
          (   8,    3) (   0,    2) (   0,    3) (   8,    3) (   0,    2) (   0,    3) (   8,    3) (   0,    2) (   0,    3) (   8,    3)
          (   0,    2) (   0,    3) (   8,    3) (   0,    2) (   0,    3) (   8,    3) (   0,    2) (   0,    3) (   8,    3) (   0,    2)
          (   0,    3) (   8,    3) (   0,    2) (   0,    3) (   8,    3) (   0,    2) (   0,    3) (   8,    3) (   0,    2) (   0,    3)
          (   8,    3) (   0,    2) (   0,    3) (   8,    3) (   0,    2) (   0,    3) (   8,    3) (   0,    2) (   0,    3) (   8,    3)
          (   0,    2) (   0,    3) (   8,    3) (   0,    2) (   0,    3) (   8,    3) (   0,    2) (   0,    3) (   8,    3) (   0,    2)
          (   0,    3) (   8,    3) (   0,    2) (   0,    3) (   8,    3) (   0,    2) (   0,    3) (   8,    3) (   0,    2) (   0,    3)
          (   8,    3) (   0,    2) (   0,    3) (   8,    3) (   0,    2) (   0,    3) (   8,    3) (   0,    2) (   0,    3) (   8,    3)
          (   0,    2) (   0,    3) (   8,    3) (   0,    2) (   0,    3) (   8,    3) (   0,    2) (   0,    3) (   8,    3) (   0,    2)
          (   0,    3) (   8,    3) (   0,    2) (   0,    3) (   8,    3) (   0,    2) (   0,    3) (   8,    3) (   0,    2) (   0,    3)
          (   8,    3) (   0,    2) (   0,    3) (   8,    3) (   0,    2) (   0,    3) (   8,    3) (   0,    2) (   0,    3) (   8,    3)
          (   0,    2) (   0,    3) (   8,    3) (   0,    2) (   0,    3) (   8,    3) (   0,    2) (   0,    3) (   8,    3) (   0,    2)
          (   0,    3) (   8,    3) (   0,    2) (   0,    3) (   8,    3) (   0,    2) (   0,    3) (   8,    3) (   0,    2) (   0,    3)
          (   8,    3) (   0,    2) (   0,    3) (   8,    3) (   0,    2) (   0,    3) (   8,    3) (   0,    2) (   0,    3) (   8,    3)
          (   0,    2) (   0,    3) (   8,    3) (   0,    2) (   0,    3) (   8,    3) (   0,    2) (   0,    3) (   8,    3) (   0,    2)
          (   0,    3) (   8,    3) (   0,    2) (   0,    3) (   8,    3) (   0,    2) (   0,    3) (   8,    3) (   0,    2) (   0,    3)
          (   8,    3) (   0,    2) (   0,    3) (   8,    3) (   0,    2) (   0,    3) (   8,    3) (   0,    2) (   0,    3) (   8,    3)
          (   0,    2) (   0,    3) (   8,    3) (   0,    2) (   0,    3) (   8,    3) (   0,    2) (   0,    3) (   8,    3) (   0,    2)
          (   0,    3) (   8,    3) (   0,    2) (   0,    3) (   8,    3) (   0,    2) (   0,    3) (   8,    3) (   0,    2) (   0,    3)
          (   8,    3) (   0,    2) (   0,    3) (   8,    3) (   0,    2) (   0,    3) (   8,    3) (   0,    2) (   0,    3) (   8,    3)
          (   0,    2) (   0,    3) (   8,    3) (   0,    2) (   0,    3) (   8,    3) (   0,    2) (   0,    3) (   8,    3) (   0,    2)
          (   0,    3) (   8,    3) (   0,    2) (   0,    3) (   8,    3) (   0,    2) (   0,    3) (   8,    3) (   0,    2) (   0,    3)
          (   8,    3) (   0,    2) (   0,    3) (   8,    3) (   0,    2) (   0,    3) (   8,    3) (   0,    2) (   0,    3) (   8,    3)
         
node  10 sent_total   1822  recv_total   1827

